TN:
SF:/home/proxym/tomcat-8.0.32/webapps/eXameLeon/lib/babel/util.js
FN:4,(anonymous_1)
FN:8,(anonymous_2)
FN:63,canCompile
FN:71,resolve
FN:79,list
FN:83,regexify
FN:91,arrayify
FN:99,booleanify
FN:106,enter
FN:116,template
FN:142,parseTemplate
FN:148,loadTemplates
FN:156,(anonymous_13)
FNF:13
FNH:13
FNDA:2,(anonymous_1)
FNDA:13,(anonymous_2)
FNDA:16,canCompile
FNDA:1251,resolve
FNDA:27,list
FNDA:8,regexify
FNDA:3052,arrayify
FNDA:761,booleanify
FNDA:8629,enter
FNDA:971,template
FNDA:62,parseTemplate
FNDA:1,loadTemplates
FNDA:61,(anonymous_13)
DA:4,2
DA:8,13
DA:10,1
DA:11,1
DA:12,1
DA:13,1
DA:14,1
DA:15,1
DA:19,1
DA:20,1
DA:21,1
DA:23,1
DA:25,1
DA:27,1
DA:29,1
DA:31,1
DA:33,1
DA:35,1
DA:37,1
DA:39,1
DA:41,1
DA:43,1
DA:45,1
DA:47,1
DA:49,1
DA:51,1
DA:53,1
DA:55,1
DA:57,1
DA:58,1
DA:59,1
DA:61,1
DA:63,1
DA:64,16
DA:65,16
DA:66,16
DA:69,1
DA:71,1
DA:72,1251
DA:73,1251
DA:75,1164
DA:79,1
DA:80,27
DA:83,1
DA:84,8
DA:85,4
DA:86,4
DA:87,2
DA:88,1
DA:91,1
DA:92,3052
DA:93,3048
DA:94,3048
DA:95,3027
DA:96,1
DA:99,1
DA:100,761
DA:101,761
DA:102,761
DA:105,1
DA:107,8629
DA:108,515
DA:110,8629
DA:111,2375
DA:112,2375
DA:116,1
DA:117,971
DA:118,971
DA:120,970
DA:121,25
DA:122,25
DA:125,970
DA:127,970
DA:128,412
DA:131,970
DA:133,917
DA:135,917
DA:136,580
DA:138,337
DA:142,1
DA:143,62
DA:144,62
DA:145,62
DA:148,1
DA:149,1
DA:151,1
DA:152,1
DA:153,0
DA:156,1
DA:157,61
DA:159,61
DA:160,61
DA:161,61
DA:163,61
DA:166,1
DA:169,1
DA:170,1
DA:172,1
DA:173,1
LF:99
LH:98
BRDA:4,1,0,2
BRDA:4,1,1,0
BRDA:4,2,0,2
BRDA:4,2,1,2
BRDA:8,3,0,0
BRDA:8,3,1,13
BRDA:8,4,0,13
BRDA:8,4,1,13
BRDA:64,5,0,16
BRDA:64,5,1,16
BRDA:80,6,0,23
BRDA:80,6,1,4
BRDA:84,7,0,4
BRDA:84,7,1,4
BRDA:85,8,0,1
BRDA:85,8,1,3
BRDA:86,9,0,2
BRDA:86,9,1,2
BRDA:87,10,0,1
BRDA:87,10,1,1
BRDA:92,11,0,4
BRDA:92,11,1,3048
BRDA:93,12,0,0
BRDA:93,12,1,3048
BRDA:94,13,0,21
BRDA:94,13,1,3027
BRDA:95,14,0,3026
BRDA:95,14,1,1
BRDA:100,15,0,0
BRDA:100,15,1,761
BRDA:101,16,0,0
BRDA:101,16,1,761
BRDA:107,17,0,515
BRDA:107,17,1,8114
BRDA:110,18,0,2375
BRDA:110,18,1,6254
BRDA:110,19,0,8629
BRDA:110,19,1,3406
BRDA:118,20,0,1
BRDA:118,20,1,970
BRDA:120,21,0,25
BRDA:120,21,1,945
BRDA:127,22,0,412
BRDA:127,22,1,558
BRDA:131,23,0,53
BRDA:131,23,1,917
BRDA:135,24,0,580
BRDA:135,24,1,337
BRDA:135,25,0,917
BRDA:135,25,1,635
BRDA:152,26,0,0
BRDA:152,26,1,1
BRDA:157,27,0,0
BRDA:157,27,1,61
BRDA:172,28,0,0
BRDA:172,28,1,1
BRF:56
BRH:50
end_of_record
TN:
SF:/home/proxym/tomcat-8.0.32/webapps/eXameLeon/lib/babel/patch.js
FN:4,(anonymous_1)
FN:8,(anonymous_2)
FNF:2
FNH:2
FNDA:1,(anonymous_1)
FNDA:3,(anonymous_2)
DA:4,1
DA:8,3
DA:10,1
DA:12,1
DA:14,1
DA:16,1
DA:20,1
DA:24,1
DA:25,1
DA:27,1
DA:29,1
DA:32,1
DA:34,1
DA:37,1
DA:39,1
DA:42,1
DA:44,1
DA:46,1
LF:18
LH:18
BRDA:4,1,0,1
BRDA:4,1,1,0
BRDA:4,2,0,1
BRDA:4,2,1,1
BRDA:8,3,0,0
BRDA:8,3,1,3
BRDA:8,4,0,3
BRDA:8,4,1,3
BRF:8
BRH:8
end_of_record
TN:
SF:/home/proxym/tomcat-8.0.32/webapps/eXameLeon/lib/babel/types/index.js
FN:4,(anonymous_1)
FN:97,registerType
FN:98,(anonymous_3)
FN:102,(anonymous_4)
FN:131,(anonymous_5)
FN:135,(anonymous_6)
FN:136,(anonymous_7)
FN:146,(anonymous_8)
FN:153,is
FN:177,(anonymous_10)
FN:181,(anonymous_11)
FN:187,(anonymous_12)
FN:188,(anonymous_13)
FN:204,shallowEqual
FN:218,appendToMemberExpression
FN:225,prependToMemberExpression
FN:230,ensureBlock
FN:236,clone
FN:245,cloneDeep
FN:267,buildMatchMemberExpression
FN:270,(anonymous_21)
FN:314,removeComments
FN:315,(anonymous_23)
FN:321,inheritsComments
FN:322,(anonymous_25)
FN:328,inherits
FNF:26
FNH:25
FNDA:5,(anonymous_1)
FNDA:130,registerType
FNDA:7934802,(anonymous_3)
FNDA:8,(anonymous_4)
FNDA:113,(anonymous_5)
FNDA:101,(anonymous_6)
FNDA:140,(anonymous_7)
FNDA:17,(anonymous_8)
FNDA:9463294,is
FNDA:113,(anonymous_10)
FNDA:137,(anonymous_11)
FNDA:114,(anonymous_12)
FNDA:20909,(anonymous_13)
FNDA:32113,shallowEqual
FNDA:34,appendToMemberExpression
FNDA:0,prependToMemberExpression
FNDA:423,ensureBlock
FNDA:125,clone
FNDA:9,cloneDeep
FNDA:5,buildMatchMemberExpression
FNDA:5931,(anonymous_21)
FNDA:443,removeComments
FNDA:886,(anonymous_23)
FNDA:6057,inheritsComments
FNDA:12114,(anonymous_25)
FNDA:387,inherits
DA:4,5
DA:13,1
DA:19,1
DA:25,1
DA:31,1
DA:37,1
DA:43,1
DA:49,1
DA:59,1
DA:65,1
DA:71,1
DA:77,1
DA:78,1
DA:80,1
DA:82,1
DA:84,1
DA:86,1
DA:88,1
DA:90,1
DA:97,1
DA:98,130
DA:99,7934802
DA:102,130
DA:103,8
DA:105,8
DA:106,0
DA:111,1
DA:112,1
DA:113,1
DA:114,1
DA:115,1
DA:116,1
DA:117,1
DA:118,1
DA:119,1
DA:121,1
DA:122,1
DA:123,1
DA:124,1
DA:125,1
DA:126,1
DA:128,1
DA:129,1
DA:131,1
DA:132,113
DA:135,1
DA:136,101
DA:139,140
DA:141,140
DA:142,140
DA:146,1
DA:147,17
DA:148,17
DA:151,1
DA:153,1
DA:154,9463294
DA:156,9274611
DA:158,9274611
DA:159,4231632
DA:161,4231632
DA:162,2928437
DA:166,9274611
DA:167,8792312
DA:170,482299
DA:171,32113
DA:174,450186
DA:177,1
DA:178,113
DA:180,80
DA:181,80
DA:182,137
DA:184,80
DA:187,1
DA:188,114
DA:189,20909
DA:190,20909
DA:191,20909
DA:193,20909
DA:195,20909
DA:196,36543
DA:197,36543
DA:198,36543
DA:201,20909
DA:204,1
DA:205,32113
DA:207,32113
DA:208,32147
DA:210,32147
DA:211,30652
DA:215,1461
DA:218,1
DA:219,34
DA:220,34
DA:221,34
DA:222,34
DA:225,1
DA:226,0
DA:227,0
DA:230,1
DA:231,423
DA:233,423
DA:236,1
DA:237,125
DA:238,125
DA:239,845
DA:240,845
DA:242,125
DA:245,1
DA:246,9
DA:248,9
DA:249,22
DA:251,21
DA:253,21
DA:254,21
DA:255,2
DA:256,19
DA:257,3
DA:261,21
DA:264,9
DA:267,1
DA:268,5
DA:270,5
DA:272,5931
DA:274,3621
DA:275,3621
DA:277,3621
DA:278,7258
DA:280,7258
DA:281,4
DA:284,7254
DA:286,3258
DA:287,3996
DA:289,11
DA:290,3985
DA:291,3697
DA:293,79
DA:295,3618
DA:296,3618
DA:297,3618
DA:301,288
DA:305,34
DA:306,0
DA:310,15
DA:314,1
DA:315,443
DA:316,886
DA:318,443
DA:321,1
DA:322,6057
DA:323,12114
DA:325,6057
DA:328,1
DA:329,387
DA:330,387
DA:331,387
DA:332,387
DA:333,387
DA:334,387
DA:336,387
DA:337,387
DA:339,387
DA:340,387
DA:343,1
DA:344,1
DA:346,1
DA:347,1
DA:348,1
DA:349,1
DA:350,1
LF:169
LH:165
BRDA:4,1,0,0
BRDA:4,1,1,5
BRDA:4,2,0,5
BRDA:4,2,1,5
BRDA:103,3,0,8
BRDA:103,3,1,0
BRDA:105,4,0,0
BRDA:105,4,1,8
BRDA:141,5,0,140
BRDA:141,5,1,17
BRDA:154,6,0,188683
BRDA:154,6,1,9274611
BRDA:158,7,0,4231632
BRDA:158,7,1,5042979
BRDA:158,8,0,9274611
BRDA:158,8,1,8971298
BRDA:161,9,0,2928437
BRDA:161,9,1,1303195
BRDA:166,10,0,8792312
BRDA:166,10,1,482299
BRDA:170,11,0,32113
BRDA:170,11,1,450186
BRDA:178,12,0,33
BRDA:178,12,1,80
BRDA:197,13,0,2593
BRDA:197,13,1,33950
BRDA:210,14,0,30652
BRDA:210,14,1,1495
BRDA:231,15,0,418
BRDA:231,15,1,5
BRDA:239,16,0,0
BRDA:239,16,1,845
BRDA:249,17,0,1
BRDA:249,17,1,21
BRDA:253,18,0,21
BRDA:253,18,1,0
BRDA:254,19,0,2
BRDA:254,19,1,19
BRDA:256,20,0,3
BRDA:256,20,1,16
BRDA:272,21,0,2310
BRDA:272,21,1,3621
BRDA:280,22,0,4
BRDA:280,22,1,7254
BRDA:280,23,0,7258
BRDA:280,23,1,12
BRDA:284,24,0,3258
BRDA:284,24,1,3996
BRDA:286,25,0,3224
BRDA:286,25,1,34
BRDA:287,26,0,11
BRDA:287,26,1,3985
BRDA:289,27,0,11
BRDA:289,27,1,0
BRDA:290,28,0,3697
BRDA:290,28,1,288
BRDA:291,29,0,79
BRDA:291,29,1,3618
BRDA:291,30,0,3697
BRDA:291,30,1,231
BRDA:305,31,0,0
BRDA:305,31,1,34
BRF:62
BRH:56
end_of_record
TN:
SF:/home/proxym/tomcat-8.0.32/webapps/eXameLeon/lib/babel/types/evaluators.js
FN:4,(anonymous_1)
FN:46,evaluateTruthy
FN:51,evaluate
FN:61,evaluate
FNF:4
FNH:4
FNDA:1,(anonymous_1)
FNDA:53,evaluateTruthy
FNDA:77,evaluate
FNDA:169,evaluate
DA:4,1
DA:24,1
DA:41,1
DA:42,1
DA:44,1
DA:46,1
DA:47,53
DA:48,53
DA:51,1
DA:52,77
DA:54,77
DA:55,77
DA:56,77
DA:61,1
DA:62,169
DA:64,169
DA:65,2
DA:68,167
DA:69,41
DA:70,41
DA:74,126
DA:75,6
DA:76,3
DA:78,3
DA:82,120
DA:83,54
DA:84,1
DA:86,53
DA:90,66
DA:91,1
DA:92,1
DA:94,0
DA:96,0
DA:98,0
DA:100,1
DA:104,65
DA:106,65
DA:107,3
DA:108,3
DA:110,3
DA:112,0
DA:114,3
DA:118,62
DA:119,9
DA:120,9
DA:122,9
DA:124,3
DA:126,4
DA:128,0
DA:130,0
DA:132,0
DA:134,2
DA:136,0
DA:138,0
DA:140,0
DA:142,0
DA:144,0
DA:146,0
DA:148,0
DA:152,53
LF:60
LH:46
BRDA:4,1,0,1
BRDA:4,1,1,0
BRDA:4,2,0,1
BRDA:4,2,1,1
BRDA:48,3,0,0
BRDA:48,3,1,53
BRDA:55,4,0,53
BRDA:55,4,1,24
BRDA:62,5,0,0
BRDA:62,5,1,169
BRDA:64,6,0,2
BRDA:64,6,1,167
BRDA:68,7,0,41
BRDA:68,7,1,126
BRDA:69,8,0,0
BRDA:69,8,1,41
BRDA:69,9,0,41
BRDA:69,9,1,0
BRDA:74,10,0,6
BRDA:74,10,1,120
BRDA:75,11,0,3
BRDA:75,11,1,3
BRDA:82,12,0,54
BRDA:82,12,1,66
BRDA:83,13,0,1
BRDA:83,13,1,53
BRDA:90,14,0,1
BRDA:90,14,1,65
BRDA:92,15,0,0
BRDA:92,15,1,0
BRDA:92,15,2,0
BRDA:92,15,3,1
BRDA:104,16,0,0
BRDA:104,16,1,65
BRDA:104,17,0,65
BRDA:104,17,1,65
BRDA:106,18,0,3
BRDA:106,18,1,62
BRDA:110,19,0,0
BRDA:110,19,1,3
BRDA:112,20,0,0
BRDA:112,20,1,0
BRDA:114,21,0,3
BRDA:114,21,1,2
BRDA:118,22,0,9
BRDA:118,22,1,53
BRDA:122,23,0,3
BRDA:122,23,1,4
BRDA:122,23,2,0
BRDA:122,23,3,0
BRDA:122,23,4,0
BRDA:122,23,5,2
BRDA:122,23,6,0
BRDA:122,23,7,0
BRDA:122,23,8,0
BRDA:122,23,9,0
BRDA:122,23,10,0
BRDA:122,23,11,0
BRDA:122,23,12,0
BRF:59
BRH:38
end_of_record
TN:
SF:/home/proxym/tomcat-8.0.32/webapps/eXameLeon/lib/babel/types/retrievers.js
FN:4,(anonymous_1)
FN:8,(anonymous_2)
FN:40,getBindingIdentifiers
FN:92,getLastStatements
FN:95,add
FN:113,getSpecifierName
FN:117,getSpecifierId
FNF:7
FNH:7
FNDA:1,(anonymous_1)
FNDA:1,(anonymous_2)
FNDA:9521,getBindingIdentifiers
FNDA:1648,getLastStatements
FNDA:894,add
FNDA:256,getSpecifierName
FNDA:106,getSpecifierId
DA:4,1
DA:8,1
DA:15,1
DA:21,1
DA:27,1
DA:33,1
DA:34,1
DA:36,1
DA:38,1
DA:40,1
DA:41,9521
DA:42,9521
DA:44,9521
DA:45,15934
DA:46,15934
DA:48,15916
DA:50,15916
DA:51,9412
DA:52,6504
DA:53,218
DA:54,6286
DA:55,101
DA:56,0
DA:58,6185
DA:59,5959
DA:60,5959
DA:61,5959
DA:66,9521
DA:69,1
DA:92,1
DA:93,1648
DA:95,1648
DA:96,894
DA:99,1648
DA:100,10
DA:101,10
DA:102,1638
DA:103,47
DA:104,1591
DA:105,827
DA:106,764
DA:107,731
DA:110,1648
DA:113,1
DA:114,256
DA:117,1
DA:118,106
DA:119,3
DA:121,103
LF:49
LH:48
BRDA:4,1,0,1
BRDA:4,1,1,0
BRDA:4,2,0,1
BRDA:4,2,1,1
BRDA:8,3,0,0
BRDA:8,3,1,1
BRDA:8,4,0,1
BRDA:8,4,1,1
BRDA:46,5,0,18
BRDA:46,5,1,15916
BRDA:50,6,0,9412
BRDA:50,6,1,6504
BRDA:52,7,0,218
BRDA:52,7,1,6286
BRDA:53,8,0,218
BRDA:53,8,1,163
BRDA:54,9,0,101
BRDA:54,9,1,6185
BRDA:55,10,0,0
BRDA:55,10,1,101
BRDA:58,11,0,5959
BRDA:58,11,1,226
BRDA:61,12,0,5959
BRDA:61,12,1,0
BRDA:99,13,0,10
BRDA:99,13,1,1638
BRDA:102,14,0,47
BRDA:102,14,1,1591
BRDA:102,15,0,1638
BRDA:102,15,1,1593
BRDA:104,16,0,827
BRDA:104,16,1,764
BRDA:104,17,0,1591
BRDA:104,17,1,837
BRDA:106,18,0,731
BRDA:106,18,1,33
BRDA:114,19,0,256
BRDA:114,19,1,117
BRDA:118,20,0,3
BRDA:118,20,1,103
BRF:40
BRH:38
end_of_record
TN:
SF:/home/proxym/tomcat-8.0.32/webapps/eXameLeon/lib/babel/helpers/object.js
FN:3,(anonymous_1)
FNF:1
FNH:1
FNDA:31008,(anonymous_1)
DA:3,1
DA:4,31008
LF:2
LH:2
BRF:0
BRH:0
end_of_record
TN:
SF:/home/proxym/tomcat-8.0.32/webapps/eXameLeon/lib/babel/types/validators.js
FN:4,(anonymous_1)
FN:8,(anonymous_2)
FN:72,isReferenced
FN:174,isReferencedIdentifier
FN:178,isValidIdentifier
FN:182,isLet
FN:186,isBlockScoped
FN:190,isVar
FN:194,isSpecifierDefault
FN:198,isScope
FN:212,isImmutable
FNF:11
FNH:11
FNDA:1,(anonymous_1)
FNDA:2,(anonymous_2)
FNDA:17562,isReferenced
FNDA:52933,isReferencedIdentifier
FNDA:10806,isValidIdentifier
FNDA:150039,isLet
FNDA:150453,isBlockScoped
FNDA:568,isVar
FNDA:209,isSpecifierDefault
FNDA:1803012,isScope
FNDA:53,isImmutable
DA:4,1
DA:8,2
DA:14,1
DA:20,1
DA:27,1
DA:33,1
DA:39,1
DA:45,1
DA:51,1
DA:57,1
DA:63,1
DA:64,1
DA:66,1
DA:68,1
DA:70,1
DA:72,1
DA:76,17562
DA:77,7269
DA:78,70
DA:79,7199
DA:80,3488
DA:82,3711
DA:88,10293
DA:89,1305
DA:94,8988
DA:95,1366
DA:100,7622
DA:101,1308
DA:102,1006
DA:103,1006
DA:106,697
DA:110,6314
DA:111,37
DA:115,6277
DA:116,122
DA:120,6155
DA:121,272
DA:125,5883
DA:126,277
DA:130,5606
DA:131,11
DA:135,5595
DA:136,17
DA:140,5578
DA:141,76
DA:146,5502
DA:147,114
DA:152,5388
DA:153,193
DA:157,5195
DA:158,30
DA:162,5165
DA:163,0
DA:167,5165
DA:168,9
DA:171,5156
DA:174,1
DA:175,52933
DA:178,1
DA:179,10806
DA:182,1
DA:183,150039
DA:186,1
DA:187,150453
DA:190,1
DA:191,568
DA:194,1
DA:195,209
DA:198,1
DA:199,1803012
DA:200,71393
DA:201,0
DA:204,71393
DA:205,0
DA:209,1803012
DA:212,1
DA:213,53
DA:214,0
DA:216,0
DA:219,0
DA:221,53
DA:222,53
DA:224,0
DA:227,53
DA:231,0
LF:85
LH:77
BRDA:4,1,0,1
BRDA:4,1,1,0
BRDA:4,2,0,1
BRDA:4,2,1,1
BRDA:8,3,0,0
BRDA:8,3,1,2
BRDA:8,4,0,2
BRDA:8,4,1,2
BRDA:76,5,0,7269
BRDA:76,5,1,10293
BRDA:77,6,0,70
BRDA:77,6,1,7199
BRDA:77,7,0,7269
BRDA:77,7,1,3781
BRDA:79,8,0,3488
BRDA:79,8,1,3711
BRDA:88,9,0,1305
BRDA:88,9,1,8988
BRDA:88,10,0,10293
BRDA:88,10,1,1430
BRDA:94,11,0,1366
BRDA:94,11,1,7622
BRDA:100,12,0,1308
BRDA:100,12,1,6314
BRDA:103,13,0,611
BRDA:103,13,1,395
BRDA:110,14,0,37
BRDA:110,14,1,6277
BRDA:115,15,0,122
BRDA:115,15,1,6155
BRDA:120,16,0,272
BRDA:120,16,1,5883
BRDA:125,17,0,277
BRDA:125,17,1,5606
BRDA:126,18,0,277
BRDA:126,18,1,277
BRDA:130,19,0,11
BRDA:130,19,1,5595
BRDA:135,20,0,17
BRDA:135,20,1,5578
BRDA:140,21,0,76
BRDA:140,21,1,5502
BRDA:146,22,0,114
BRDA:146,22,1,5388
BRDA:152,23,0,193
BRDA:152,23,1,5195
BRDA:157,24,0,30
BRDA:157,24,1,5165
BRDA:162,25,0,0
BRDA:162,25,1,5165
BRDA:167,26,0,9
BRDA:167,26,1,5156
BRDA:175,27,0,52933
BRDA:175,27,1,17311
BRDA:179,28,0,10806
BRDA:179,28,1,10342
BRDA:179,28,2,10319
BRDA:183,29,0,150039
BRDA:183,29,1,4123
BRDA:183,29,2,3567
BRDA:187,30,0,150453
BRDA:187,30,1,150453
BRDA:187,30,2,150039
BRDA:191,31,0,568
BRDA:191,31,1,209
BRDA:195,32,0,209
BRDA:195,32,1,171
BRDA:195,32,2,162
BRDA:199,33,0,71393
BRDA:199,33,1,1731619
BRDA:200,34,0,0
BRDA:200,34,1,71393
BRDA:204,35,0,0
BRDA:204,35,1,71393
BRDA:213,36,0,0
BRDA:213,36,1,53
BRDA:214,37,0,0
BRDA:214,37,1,0
BRDA:221,38,0,53
BRDA:221,38,1,0
BRDA:222,39,0,0
BRDA:222,39,1,53
BRF:82
BRH:74
end_of_record
TN:
SF:/home/proxym/tomcat-8.0.32/webapps/eXameLeon/lib/babel/types/converters.js
FN:4,(anonymous_1)
FN:8,(anonymous_2)
FN:80,toComputedKey
FN:82,(anonymous_4)
FN:90,toSequenceExpression
FN:93,(anonymous_6)
FN:99,(anonymous_7)
FN:120,toKeyAlias
FN:122,(anonymous_9)
FN:136,toIdentifier
FN:148,(anonymous_11)
FN:159,toStatement
FN:194,toExpression
FN:212,toBlock
FN:236,valueToNode
FNF:15
FNH:14
FNDA:1,(anonymous_1)
FNDA:6,(anonymous_2)
FNDA:234,toComputedKey
FNDA:234,(anonymous_4)
FNDA:27,toSequenceExpression
FNDA:74,(anonymous_6)
FNDA:14,(anonymous_7)
FNDA:254,toKeyAlias
FNDA:254,(anonymous_9)
FNDA:2861,toIdentifier
FNDA:720,(anonymous_11)
FNDA:10,toStatement
FNDA:241,toExpression
FNDA:427,toBlock
FNDA:0,valueToNode
DA:4,1
DA:8,6
DA:14,1
DA:25,1
DA:31,1
DA:37,1
DA:45,1
DA:51,1
DA:57,1
DA:63,1
DA:64,1
DA:66,1
DA:68,1
DA:70,1
DA:72,1
DA:74,1
DA:76,1
DA:78,1
DA:80,1
DA:81,234
DA:82,234
DA:83,234
DA:84,171
DA:86,234
DA:90,1
DA:91,27
DA:93,27
DA:94,74
DA:95,48
DA:96,74
DA:97,12
DA:98,62
DA:99,14
DA:100,14
DA:104,14
DA:106,48
DA:107,0
DA:108,48
DA:109,0
DA:113,27
DA:114,3
DA:116,24
DA:120,1
DA:121,254
DA:122,254
DA:123,254
DA:124,254
DA:125,243
DA:126,11
DA:127,10
DA:129,1
DA:131,254
DA:132,254
DA:136,1
DA:137,2861
DA:139,2860
DA:142,2860
DA:145,2860
DA:148,2860
DA:149,720
DA:152,2860
DA:153,193
DA:156,2860
DA:159,1
DA:160,10
DA:161,1
DA:164,9
DA:165,9
DA:167,9
DA:168,0
DA:169,0
DA:170,9
DA:171,1
DA:172,1
DA:173,8
DA:174,0
DA:177,9
DA:178,1
DA:181,9
DA:182,9
DA:183,9
DA:185,0
DA:189,0
DA:191,0
DA:194,1
DA:195,241
DA:196,0
DA:199,241
DA:200,184
DA:201,57
DA:202,57
DA:205,241
DA:206,241
DA:208,0
DA:212,1
DA:213,427
DA:214,329
DA:217,98
DA:218,2
DA:221,98
DA:222,91
DA:223,83
DA:224,83
DA:226,0
DA:230,91
DA:233,98
DA:236,1
DA:237,0
DA:238,0
DA:241,0
DA:242,0
DA:245,0
DA:246,0
DA:249,0
DA:250,0
DA:251,0
DA:252,0
DA:253,0
DA:254,0
DA:256,0
DA:258,0
DA:260,0
DA:263,0
LF:123
LH:96
BRDA:4,1,0,1
BRDA:4,1,1,0
BRDA:4,2,0,1
BRDA:4,2,1,1
BRDA:8,3,0,0
BRDA:8,3,1,6
BRDA:8,4,0,6
BRDA:8,4,1,6
BRDA:81,5,0,17
BRDA:81,5,1,217
BRDA:83,6,0,171
BRDA:83,6,1,63
BRDA:84,7,0,165
BRDA:84,7,1,6
BRDA:94,8,0,48
BRDA:94,8,1,26
BRDA:96,9,0,12
BRDA:96,9,1,62
BRDA:98,10,0,14
BRDA:98,10,1,48
BRDA:106,11,0,0
BRDA:106,11,1,48
BRDA:107,12,0,0
BRDA:107,12,1,0
BRDA:107,13,0,0
BRDA:107,13,1,0
BRDA:108,14,0,0
BRDA:108,14,1,48
BRDA:113,15,0,3
BRDA:113,15,1,24
BRDA:121,16,0,0
BRDA:121,16,1,254
BRDA:124,17,0,243
BRDA:124,17,1,11
BRDA:126,18,0,10
BRDA:126,18,1,1
BRDA:131,19,0,21
BRDA:131,19,1,233
BRDA:137,20,0,1
BRDA:137,20,1,2860
BRDA:149,21,0,720
BRDA:149,21,1,0
BRDA:152,22,0,193
BRDA:152,22,1,2667
BRDA:156,23,0,2860
BRDA:156,23,1,0
BRDA:160,24,0,1
BRDA:160,24,1,9
BRDA:167,25,0,0
BRDA:167,25,1,9
BRDA:170,26,0,1
BRDA:170,26,1,8
BRDA:173,27,0,0
BRDA:173,27,1,8
BRDA:177,28,0,1
BRDA:177,28,1,8
BRDA:177,29,0,9
BRDA:177,29,1,1
BRDA:181,30,0,9
BRDA:181,30,1,0
BRDA:182,31,0,9
BRDA:182,31,1,0
BRDA:195,32,0,0
BRDA:195,32,1,241
BRDA:199,33,0,184
BRDA:199,33,1,57
BRDA:201,34,0,57
BRDA:201,34,1,0
BRDA:205,35,0,241
BRDA:205,35,1,0
BRDA:213,36,0,329
BRDA:213,36,1,98
BRDA:217,37,0,2
BRDA:217,37,1,96
BRDA:221,38,0,91
BRDA:221,38,1,7
BRDA:222,39,0,83
BRDA:222,39,1,8
BRDA:223,40,0,83
BRDA:223,40,1,0
BRDA:237,41,0,0
BRDA:237,41,1,0
BRDA:241,42,0,0
BRDA:241,42,1,0
BRDA:241,43,0,0
BRDA:241,43,1,0
BRDA:241,43,2,0
BRDA:241,43,3,0
BRDA:241,43,4,0
BRDA:241,43,5,0
BRDA:245,44,0,0
BRDA:245,44,1,0
BRDA:249,45,0,0
BRDA:249,45,1,0
BRDA:253,46,0,0
BRDA:253,46,1,0
BRF:96
BRH:63
end_of_record
TN:
SF:/home/proxym/tomcat-8.0.32/webapps/eXameLeon/lib/babel/traversal/index.js
FN:4,(anonymous_1)
FN:8,(anonymous_2)
FN:18,traverse
FN:28,(anonymous_4)
FN:29,(anonymous_5)
FN:41,(anonymous_6)
FN:53,clearNode
FN:86,clearComments
FN:92,(anonymous_9)
FN:99,(anonymous_10)
FN:115,hasBlacklistedType
FN:122,(anonymous_12)
FNF:12
FNH:11
FNDA:1,(anonymous_1)
FNDA:2,(anonymous_2)
FNDA:37186,traverse
FNDA:1230819,(anonymous_4)
FNDA:1637100,(anonymous_5)
FNDA:1733583,(anonymous_6)
FNDA:1589,clearNode
FNDA:0,clearComments
FNDA:63,(anonymous_9)
FNDA:58,(anonymous_10)
FNDA:1696,hasBlacklistedType
FNDA:102,(anonymous_12)
DA:4,1
DA:8,2
DA:10,1
DA:12,1
DA:14,1
DA:16,1
DA:18,1
DA:19,37186
DA:21,37165
DA:22,420
DA:23,0
DA:27,37165
DA:28,37165
DA:29,37165
DA:32,37165
DA:33,0
DA:34,0
DA:37,37165
DA:41,1
DA:42,1733583
DA:43,1733583
DA:45,1733583
DA:46,1733583
DA:47,2376559
DA:48,80
DA:53,1
DA:54,1589
DA:55,1589
DA:56,1589
DA:57,1589
DA:58,1589
DA:59,1589
DA:60,1589
DA:61,1589
DA:62,1589
DA:63,1589
DA:65,1589
DA:66,0
DA:69,1589
DA:70,0
DA:73,1589
DA:74,20160
DA:75,20160
DA:76,346
DA:81,1
DA:86,1
DA:87,0
DA:88,0
DA:92,1
DA:93,63
DA:94,63
DA:96,63
DA:99,1
DA:100,58
DA:101,193
DA:103,193
DA:104,193
DA:105,15
DA:106,109
DA:107,109
DA:108,109
DA:112,58
DA:115,1
DA:116,1696
DA:117,3
DA:118,3
DA:122,1
DA:124,102
DA:127,101
DA:129,100
DA:134,100
DA:139,100
LF:72
LH:65
BRDA:4,1,0,1
BRDA:4,1,1,0
BRDA:4,2,0,1
BRDA:4,2,1,1
BRDA:8,3,0,0
BRDA:8,3,1,2
BRDA:8,4,0,2
BRDA:8,4,1,2
BRDA:19,5,0,21
BRDA:19,5,1,37165
BRDA:21,6,0,420
BRDA:21,6,1,36745
BRDA:21,7,0,37165
BRDA:21,7,1,37102
BRDA:22,8,0,0
BRDA:22,8,1,420
BRDA:22,9,0,420
BRDA:22,9,1,0
BRDA:27,10,0,0
BRDA:27,10,1,37165
BRDA:28,11,0,56
BRDA:28,11,1,37109
BRDA:29,12,0,190
BRDA:29,12,1,36975
BRDA:32,13,0,0
BRDA:32,13,1,37165
BRDA:43,14,0,0
BRDA:43,14,1,1733583
BRDA:47,15,0,80
BRDA:47,15,1,2376405
BRDA:65,16,0,0
BRDA:65,16,1,1589
BRDA:69,17,0,0
BRDA:69,17,1,1589
BRDA:75,18,0,346
BRDA:75,18,1,19814
BRDA:104,19,0,15
BRDA:104,19,1,178
BRDA:108,20,0,107
BRDA:108,20,1,2
BRDA:116,21,0,3
BRDA:116,21,1,1693
BRDA:124,22,0,1
BRDA:124,22,1,101
BRDA:127,23,0,1
BRDA:127,23,1,100
BRF:46
BRH:39
end_of_record
TN:
SF:/home/proxym/tomcat-8.0.32/webapps/eXameLeon/lib/babel/traversal/context.js
FN:4,(anonymous_1)
FN:8,(anonymous_2)
FN:12,(anonymous_3)
FN:22,(anonymous_4)
FN:23,TraversalContext
FN:33,flatten
FN:37,visitNode
FN:42,visit
FNF:8
FNH:8
FNDA:1,(anonymous_1)
FNDA:3,(anonymous_2)
FNDA:1733583,(anonymous_3)
FNDA:1,(anonymous_4)
FNDA:1733583,TraversalContext
FNDA:900,flatten
FNDA:1708895,visitNode
FNDA:2376559,visit
DA:4,1
DA:8,3
DA:12,1733583
DA:14,1
DA:16,1
DA:18,1
DA:20,1
DA:22,1
DA:23,1
DA:24,1733583
DA:26,1733583
DA:27,1733583
DA:28,1733583
DA:29,1733583
DA:30,1733583
DA:33,1
DA:34,900
DA:37,1
DA:38,1708895
DA:39,1708895
DA:42,1
DA:43,2376559
DA:44,2376559
DA:46,1511325
DA:47,1102595
DA:51,408730
DA:52,71399
DA:55,337331
DA:56,606790
DA:57,5
DA:61,337291
DA:62,328
DA:64,328
DA:66,298
DA:71,1
DA:74,1
LF:36
LH:36
BRDA:4,1,0,1
BRDA:4,1,1,0
BRDA:4,2,0,1
BRDA:4,2,1,1
BRDA:8,3,0,0
BRDA:8,3,1,3
BRDA:8,4,0,3
BRDA:8,4,1,3
BRDA:12,5,0,0
BRDA:12,5,1,1733583
BRDA:44,6,0,865234
BRDA:44,6,1,1511325
BRDA:46,7,0,1102595
BRDA:46,7,1,408730
BRDA:51,8,0,71399
BRDA:51,8,1,337331
BRDA:56,9,0,5
BRDA:56,9,1,606750
BRDA:56,10,0,606790
BRDA:56,10,1,606300
BRDA:61,11,0,328
BRDA:61,11,1,336963
BRDA:64,12,0,298
BRDA:64,12,1,30
BRF:24
BRH:24
end_of_record
TN:
SF:/home/proxym/tomcat-8.0.32/webapps/eXameLeon/lib/babel/traversal/path.js
FN:4,(anonymous_1)
FN:8,(anonymous_2)
FN:12,(anonymous_3)
FN:12,defineProperties
FN:12,(anonymous_5)
FN:16,(anonymous_6)
FN:26,(anonymous_7)
FN:27,TraversalPath
FN:35,get
FN:62,getScope
FN:73,insertBefore
FN:75,insertAfter
FN:77,setData
FN:81,getData
FN:85,setScope
FN:89,setContext
FN:102,remove
FN:108,skip
FN:112,stop
FN:117,flatten
FN:121,_refresh
FN:123,refresh
FN:128,call
FN:143,isBlacklisted
FN:148,visit
FN:176,get
FN:180,isReferencedIdentifier
FN:184,isReferenced
FN:188,isScope
FN:192,getBindingIdentifiers
FN:198,(anonymous_31)
FN:201,(anonymous_32)
FN:248,(anonymous_33)
FN:251,(anonymous_34)
FNF:34
FNH:28
FNDA:1,(anonymous_1)
FNDA:3,(anonymous_2)
FNDA:1,(anonymous_3)
FNDA:1,defineProperties
FNDA:1,(anonymous_5)
FNDA:97761,(anonymous_6)
FNDA:1,(anonymous_7)
FNDA:97761,TraversalPath
FNDA:1708895,get
FNDA:1714178,getScope
FNDA:0,insertBefore
FNDA:0,insertAfter
FNDA:0,setData
FNDA:0,getData
FNDA:1714178,setScope
FNDA:1708895,setContext
FNDA:193,remove
FNDA:12696,skip
FNDA:80,stop
FNDA:900,flatten
FNDA:5476,_refresh
FNDA:0,refresh
FNDA:3403906,call
FNDA:1708895,isBlacklisted
FNDA:1708895,visit
FNDA:0,get
FNDA:16239,isReferencedIdentifier
FNDA:92,isReferenced
FNDA:2491,isScope
FNDA:12,getBindingIdentifiers
FNDA:10338780,(anonymous_31)
FNDA:5283,(anonymous_32)
FNDA:130,(anonymous_33)
FNDA:161469,(anonymous_34)
DA:4,1
DA:8,3
DA:12,1
DA:16,97761
DA:18,1
DA:20,1
DA:22,1
DA:24,1
DA:26,1
DA:27,1
DA:28,97761
DA:30,97761
DA:31,97761
DA:32,97761
DA:35,1
DA:38,1708895
DA:40,1708895
DA:41,1708895
DA:42,1708895
DA:44,1708895
DA:45,3337035
DA:46,3337035
DA:47,1611134
DA:48,1611134
DA:52,1708895
DA:53,97761
DA:54,97761
DA:57,1708895
DA:59,1708895
DA:62,1
DA:63,1714178
DA:66,1714178
DA:67,143165
DA:70,1714178
DA:73,1
DA:75,1
DA:77,1
DA:78,0
DA:81,1
DA:82,0
DA:85,1
DA:86,1714178
DA:89,1
DA:90,1708895
DA:91,1708895
DA:93,1708895
DA:94,1708895
DA:95,1708895
DA:96,1708895
DA:97,1708895
DA:99,1708895
DA:102,1
DA:103,193
DA:104,193
DA:105,193
DA:108,1
DA:109,12696
DA:112,1
DA:113,80
DA:114,80
DA:117,1
DA:118,900
DA:121,1
DA:123,1
DA:124,0
DA:125,0
DA:128,1
DA:129,3403906
DA:130,3403906
DA:132,3403904
DA:133,3403904
DA:134,3403904
DA:136,3403904
DA:138,3403877
DA:139,5256
DA:143,1
DA:144,1708895
DA:145,1708895
DA:148,1
DA:149,1708895
DA:151,1708804
DA:153,1708777
DA:154,12772
DA:157,1696005
DA:158,1696005
DA:160,1696005
DA:161,1695817
DA:164,668
DA:165,1269
DA:168,1695149
DA:169,1695102
DA:173,1695958
DA:176,1
DA:177,0
DA:180,1
DA:181,16239
DA:184,1
DA:185,92
DA:188,1
DA:189,2491
DA:192,1
DA:193,12
DA:196,1
DA:199,10338780
DA:202,5283
DA:204,5283
DA:205,5283
DA:206,5283
DA:209,5283
DA:210,5283
DA:213,5283
DA:216,5283
DA:219,5283
DA:221,5283
DA:222,5283
DA:223,2907
DA:224,3526
DA:230,5283
DA:231,707
DA:232,1
DA:235,707
DA:242,1
DA:245,1
DA:247,1
DA:248,130
DA:249,130
DA:250,130
DA:251,130
DA:252,161469
LF:129
LH:124
BRDA:4,1,0,1
BRDA:4,1,1,0
BRDA:4,2,0,1
BRDA:4,2,1,1
BRDA:8,3,0,0
BRDA:8,3,1,3
BRDA:8,4,0,3
BRDA:8,4,1,3
BRDA:12,5,0,0
BRDA:12,5,1,1
BRDA:12,6,0,1
BRDA:12,6,1,0
BRDA:12,7,0,0
BRDA:12,7,1,1
BRDA:16,8,0,0
BRDA:16,8,1,97761
BRDA:41,9,0,1708895
BRDA:41,9,1,57147
BRDA:46,10,0,1611134
BRDA:46,10,1,1725901
BRDA:52,11,0,97761
BRDA:52,11,1,1611134
BRDA:66,12,0,143165
BRDA:66,12,1,1571013
BRDA:93,13,0,1708895
BRDA:93,13,1,62127
BRDA:130,14,0,2
BRDA:130,14,1,3403904
BRDA:133,15,0,3403904
BRDA:133,15,1,0
BRDA:134,16,0,116111
BRDA:134,16,1,3287793
BRDA:134,17,0,116111
BRDA:134,17,1,277
BRDA:138,18,0,5256
BRDA:138,18,1,3398621
BRDA:145,19,0,1708895
BRDA:145,19,1,1764
BRDA:149,20,0,91
BRDA:149,20,1,1708804
BRDA:153,21,0,12772
BRDA:153,21,1,1696005
BRDA:160,22,0,1695817
BRDA:160,22,1,188
BRDA:161,23,0,668
BRDA:161,23,1,1695149
BRDA:202,24,0,0
BRDA:202,24,1,5283
BRDA:206,25,0,707
BRDA:206,25,1,4576
BRDA:210,26,0,5211
BRDA:210,26,1,72
BRDA:221,27,0,5283
BRDA:221,27,1,4482
BRDA:222,28,0,2907
BRDA:222,28,1,2376
BRDA:230,29,0,707
BRDA:230,29,1,4576
BRDA:231,30,0,1
BRDA:231,30,1,706
BRDA:231,31,0,707
BRDA:231,31,1,1
BRF:62
BRH:60
end_of_record
TN:
SF:/home/proxym/tomcat-8.0.32/webapps/eXameLeon/lib/babel/traversal/scope.js
FN:4,(anonymous_1)
FN:8,(anonymous_2)
FN:12,(anonymous_3)
FN:35,enter
FN:37,(anonymous_5)
FN:62,enter
FN:74,enter
FN:83,(anonymous_8)
FN:90,Scope
FN:109,(anonymous_10)
FN:110,traverse
FN:114,(anonymous_12)
FN:119,(anonymous_13)
FN:127,generateTemp
FN:142,generateUidIdentifier
FN:152,generateUid
FN:164,_generateUid
FN:174,generateUidBasedOnNode
FN:187,(anonymous_19)
FN:188,add
FN:192,(anonymous_21)
FN:197,(anonymous_22)
FN:222,generateTempBasedOnNode
FN:243,checkBlockScopedCollisions
FN:259,rename
FN:269,enter
FN:295,inferType
FN:331,isTypeGeneric
FN:343,assignTypeGeneric
FN:351,assignType
FN:362,getTypeAnnotation
FN:391,toArray
FN:421,refreshDeclaration
FN:435,registerDeclaration
FN:455,registerBindingReassignment
FN:474,registerBinding
FN:502,addGlobal
FN:510,hasGlobal
FN:524,recrawl
FN:533,crawl
FN:626,push
FN:653,getFunctionParent
FN:666,getBlockParent
FN:678,getAllBindings
FN:694,getAllBindingsOfKind
FN:713,bindingIdentifierEquals
FN:721,getBindingInfo
FN:734,getOwnBindingInfo
FN:742,getBindingIdentifier
FN:751,getOwnBindingIdentifier
FN:760,getOwnImmutableBindingValue
FN:768,getImmutableBindingValue
FN:772,_immutableBindingInfoToValue
FN:798,hasOwnBinding
FN:806,hasBinding
FN:819,parentHasBinding
FN:827,removeOwnBinding
FN:835,removeBinding
FNF:58
FNH:50
FNDA:2,(anonymous_1)
FNDA:8,(anonymous_2)
FNDA:143919,(anonymous_3)
FNDA:65077,enter
FNDA:568,(anonymous_5)
FNDA:35991,enter
FNDA:87547,enter
FNDA:1,(anonymous_8)
FNDA:143919,Scope
FNDA:1,(anonymous_10)
FNDA:36567,traverse
FNDA:0,(anonymous_12)
FNDA:36567,(anonymous_13)
FNDA:6,generateTemp
FNDA:2428,generateUidIdentifier
FNDA:2428,generateUid
FNDA:3701,_generateUid
FNDA:425,generateUidBasedOnNode
FNDA:425,(anonymous_19)
FNDA:776,add
FNDA:0,(anonymous_21)
FNDA:776,(anonymous_22)
FNDA:44,generateTempBasedOnNode
FNDA:8091,checkBlockScopedCollisions
FNDA:711,rename
FNDA:37,enter
FNDA:8016,inferType
FNDA:144,isTypeGeneric
FNDA:161,assignTypeGeneric
FNDA:161,assignType
FNDA:8088,getTypeAnnotation
FNDA:225,toArray
FNDA:0,refreshDeclaration
FNDA:2923,registerDeclaration
FNDA:579,registerBindingReassignment
FNDA:8020,registerBinding
FNDA:1973,addGlobal
FNDA:2566,hasGlobal
FNDA:0,recrawl
FNDA:143919,crawl
FNDA:515,push
FNDA:2428,getFunctionParent
FNDA:0,getBlockParent
FNDA:1,getAllBindings
FNDA:156,getAllBindingsOfKind
FNDA:133,bindingIdentifierEquals
FNDA:2076,getBindingInfo
FNDA:32289,getOwnBindingInfo
FNDA:529,getBindingIdentifier
FNDA:0,getOwnBindingIdentifier
FNDA:0,getOwnImmutableBindingValue
FNDA:53,getImmutableBindingValue
FNDA:53,_immutableBindingInfoToValue
FNDA:20828,hasOwnBinding
FNDA:18464,hasBinding
FNDA:14102,parentHasBinding
FNDA:2,removeOwnBinding
FNDA:0,removeBinding
DA:4,2
DA:8,8
DA:12,143919
DA:14,1
DA:16,1
DA:18,1
DA:20,1
DA:22,1
DA:24,1
DA:26,1
DA:28,1
DA:30,1
DA:32,1
DA:34,1
DA:36,65077
DA:37,284
DA:38,568
DA:39,568
DA:45,65077
DA:48,63444
DA:51,62712
DA:54,62230
DA:57,62144
DA:61,1
DA:63,35991
DA:64,1963
DA:65,34028
DA:66,10
DA:67,34018
DA:68,579
DA:73,1
DA:75,87547
DA:76,1233
DA:77,86314
DA:78,4732
DA:83,1
DA:90,1
DA:91,143919
DA:93,143919
DA:94,143919
DA:96,143919
DA:97,143919
DA:99,143919
DA:102,1
DA:103,1
DA:109,1
DA:110,1
DA:111,36567
DA:114,1
DA:115,0
DA:118,1
DA:120,36567
DA:127,1
DA:128,6
DA:130,6
DA:131,6
DA:135,6
DA:142,1
DA:143,2428
DA:144,2428
DA:145,2428
DA:152,1
DA:153,2428
DA:155,2428
DA:156,2428
DA:157,2428
DA:158,3701
DA:159,3701
DA:161,2428
DA:164,1
DA:165,3701
DA:166,3701
DA:167,3701
DA:174,1
DA:175,425
DA:177,425
DA:178,3
DA:179,422
DA:180,32
DA:181,390
DA:182,0
DA:185,425
DA:187,425
DA:188,425
DA:189,776
DA:192,425
DA:193,0
DA:196,425
DA:198,776
DA:199,161
DA:200,161
DA:201,615
DA:202,478
DA:203,137
DA:204,50
DA:205,87
DA:206,29
DA:210,425
DA:212,425
DA:213,425
DA:215,425
DA:222,1
DA:223,44
DA:224,2
DA:227,42
DA:228,13
DA:231,29
DA:232,29
DA:236,29
DA:243,1
DA:244,8091
DA:245,8091
DA:247,444
DA:248,444
DA:250,444
DA:251,3
DA:259,1
DA:260,711
DA:262,711
DA:263,711
DA:265,2
DA:266,2
DA:268,2
DA:270,37
DA:271,6
DA:272,31
DA:273,2
DA:274,2
DA:275,2
DA:277,29
DA:278,6
DA:279,0
DA:285,2
DA:286,2
DA:288,2
DA:295,1
DA:296,8016
DA:298,8016
DA:299,1885
DA:302,8016
DA:303,164
DA:306,7852
DA:307,189
DA:310,7663
DA:311,395
DA:314,7268
DA:315,68
DA:316,68
DA:317,32
DA:318,32
DA:322,7236
DA:323,86
DA:331,1
DA:332,144
DA:333,144
DA:335,106
DA:336,106
DA:343,1
DA:344,161
DA:351,1
DA:352,161
DA:353,161
DA:355,161
DA:362,1
DA:363,8088
DA:368,8088
DA:370,8088
DA:371,72
DA:374,8088
DA:375,8016
DA:376,8016
DA:379,8088
DA:380,236
DA:381,236
DA:384,8088
DA:391,1
DA:392,225
DA:394,225
DA:395,29
DA:398,196
DA:399,28
DA:402,168
DA:403,15
DA:406,153
DA:407,153
DA:408,153
DA:409,35
DA:410,118
DA:411,98
DA:412,98
DA:414,153
DA:421,1
DA:422,0
DA:423,0
DA:424,0
DA:425,0
DA:426,0
DA:427,0
DA:435,1
DA:436,2923
DA:437,706
DA:438,2217
DA:439,1751
DA:440,1861
DA:442,466
DA:443,212
DA:444,254
DA:445,244
DA:447,10
DA:455,1
DA:456,579
DA:457,579
DA:458,393
DA:459,393
DA:460,385
DA:462,385
DA:464,375
DA:474,1
DA:475,8020
DA:477,8020
DA:479,8020
DA:480,8091
DA:482,8091
DA:484,8088
DA:486,8088
DA:502,1
DA:503,1973
DA:510,1
DA:511,2566
DA:513,2566
DA:514,5902
DA:517,2560
DA:524,1
DA:525,0
DA:526,0
DA:533,1
DA:534,143919
DA:535,143919
DA:539,143919
DA:540,143919
DA:541,136466
DA:542,136466
DA:545,7453
DA:550,7453
DA:554,7453
DA:555,450
DA:556,900
DA:557,900
DA:560,450
DA:561,363
DA:567,7453
DA:568,159
DA:569,159
DA:575,7453
DA:576,212
DA:581,7453
DA:582,2145
DA:583,1823
DA:585,2145
DA:590,7453
DA:591,4905
DA:596,7451
DA:597,69
DA:602,7451
DA:603,16
DA:608,7451
DA:609,2897
DA:617,7450
DA:618,751
DA:626,1
DA:627,515
DA:629,515
DA:630,0
DA:631,0
DA:634,515
DA:635,0
DA:638,515
DA:639,515
DA:641,515
DA:653,1
DA:654,2428
DA:655,2428
DA:656,1573
DA:658,2428
DA:666,1
DA:667,0
DA:668,0
DA:669,0
DA:671,0
DA:678,1
DA:679,1
DA:681,1
DA:682,1
DA:683,2
DA:684,2
DA:687,1
DA:694,1
DA:695,156
DA:697,156
DA:698,156
DA:699,558
DA:700,2705
DA:701,2705
DA:703,558
DA:706,156
DA:713,1
DA:714,133
DA:721,1
DA:722,2076
DA:724,2076
DA:725,3370
DA:726,3370
DA:734,1
DA:735,32289
DA:742,1
DA:743,529
DA:744,529
DA:751,1
DA:752,0
DA:753,0
DA:760,1
DA:761,0
DA:768,1
DA:769,53
DA:772,1
DA:773,53
DA:776,53
DA:778,53
DA:779,53
DA:780,0
DA:781,0
DA:785,0
DA:789,53
DA:790,0
DA:798,1
DA:799,20828
DA:806,1
DA:807,18464
DA:808,18464
DA:809,13960
DA:810,9884
DA:811,9388
DA:812,9244
DA:819,1
DA:820,14102
DA:827,1
DA:828,2
DA:835,1
DA:836,0
DA:837,0
DA:840,1
DA:843,1
LF:352
LH:324
BRDA:4,1,0,2
BRDA:4,1,1,0
BRDA:4,2,0,2
BRDA:4,2,1,2
BRDA:8,3,0,0
BRDA:8,3,1,8
BRDA:8,4,0,8
BRDA:8,4,1,8
BRDA:12,5,0,0
BRDA:12,5,1,143919
BRDA:36,6,0,284
BRDA:36,6,1,64793
BRDA:39,7,0,209
BRDA:39,7,1,359
BRDA:45,8,0,1633
BRDA:45,8,1,63444
BRDA:48,9,0,732
BRDA:48,9,1,62712
BRDA:48,10,0,63444
BRDA:48,10,1,15209
BRDA:51,11,0,482
BRDA:51,11,1,62230
BRDA:54,12,0,86
BRDA:54,12,1,62144
BRDA:54,13,0,62230
BRDA:54,13,1,187
BRDA:57,14,0,1690
BRDA:57,14,1,60454
BRDA:63,15,0,1963
BRDA:63,15,1,34028
BRDA:63,16,0,35991
BRDA:63,16,1,5779
BRDA:65,17,0,10
BRDA:65,17,1,34018
BRDA:67,18,0,579
BRDA:67,18,1,33439
BRDA:67,19,0,34018
BRDA:67,19,1,33548
BRDA:67,19,2,33444
BRDA:67,19,3,83
BRDA:75,20,0,1233
BRDA:75,20,1,86314
BRDA:75,21,0,87547
BRDA:75,21,1,86841
BRDA:77,22,0,4732
BRDA:77,22,1,81582
BRDA:94,23,0,142803
BRDA:94,23,1,1116
BRDA:128,24,0,0
BRDA:128,24,1,6
BRDA:160,25,0,3701
BRDA:160,25,1,2428
BRDA:166,26,0,933
BRDA:166,26,1,2768
BRDA:177,27,0,3
BRDA:177,27,1,422
BRDA:179,28,0,32
BRDA:179,28,1,390
BRDA:181,29,0,0
BRDA:181,29,1,390
BRDA:198,30,0,161
BRDA:198,30,1,615
BRDA:201,31,0,478
BRDA:201,31,1,137
BRDA:203,32,0,50
BRDA:203,32,1,87
BRDA:205,33,0,29
BRDA:205,33,1,58
BRDA:213,34,0,425
BRDA:213,34,1,54
BRDA:223,35,0,2
BRDA:223,35,1,42
BRDA:227,36,0,13
BRDA:227,36,1,29
BRDA:227,37,0,42
BRDA:227,37,1,22
BRDA:245,38,0,7647
BRDA:245,38,1,444
BRDA:247,39,0,0
BRDA:247,39,1,444
BRDA:248,40,0,0
BRDA:248,40,1,444
BRDA:248,41,0,444
BRDA:248,41,1,24
BRDA:250,42,0,3
BRDA:250,42,1,441
BRDA:250,43,0,444
BRDA:250,43,1,444
BRDA:250,43,2,441
BRDA:260,44,0,711
BRDA:260,44,1,0
BRDA:263,45,0,709
BRDA:263,45,1,2
BRDA:270,46,0,6
BRDA:270,46,1,31
BRDA:270,47,0,37
BRDA:270,47,1,7
BRDA:272,48,0,2
BRDA:272,48,1,29
BRDA:275,49,0,2
BRDA:275,49,1,0
BRDA:277,50,0,6
BRDA:277,50,1,23
BRDA:278,51,0,0
BRDA:278,51,1,6
BRDA:298,52,0,1885
BRDA:298,52,1,6131
BRDA:302,53,0,164
BRDA:302,53,1,7852
BRDA:306,54,0,189
BRDA:306,54,1,7663
BRDA:310,55,0,395
BRDA:310,55,1,7268
BRDA:314,56,0,68
BRDA:314,56,1,7200
BRDA:314,57,0,7268
BRDA:314,57,1,263
BRDA:316,58,0,32
BRDA:316,58,1,36
BRDA:318,59,0,32
BRDA:318,59,1,32
BRDA:318,59,2,15
BRDA:322,60,0,86
BRDA:322,60,1,7150
BRDA:333,61,0,38
BRDA:333,61,1,106
BRDA:336,62,0,106
BRDA:336,62,1,29
BRDA:353,63,0,0
BRDA:353,63,1,161
BRDA:370,64,0,72
BRDA:370,64,1,8016
BRDA:374,65,0,8016
BRDA:374,65,1,72
BRDA:379,66,0,236
BRDA:379,66,1,7852
BRDA:380,67,0,72
BRDA:380,67,1,164
BRDA:394,68,0,29
BRDA:394,68,1,196
BRDA:394,69,0,225
BRDA:394,69,1,144
BRDA:398,70,0,28
BRDA:398,70,1,168
BRDA:402,71,0,15
BRDA:402,71,1,153
BRDA:408,72,0,35
BRDA:408,72,1,118
BRDA:410,73,0,98
BRDA:410,73,1,20
BRDA:422,74,0,0
BRDA:422,74,1,0
BRDA:424,75,0,0
BRDA:424,75,1,0
BRDA:426,76,0,0
BRDA:426,76,1,0
BRDA:436,77,0,706
BRDA:436,77,1,2217
BRDA:438,78,0,1751
BRDA:438,78,1,466
BRDA:442,79,0,212
BRDA:442,79,1,254
BRDA:444,80,0,244
BRDA:444,80,1,10
BRDA:444,81,0,254
BRDA:444,81,1,111
BRDA:459,82,0,385
BRDA:459,82,1,8
BRDA:462,83,0,375
BRDA:462,83,1,10
BRDA:475,84,0,0
BRDA:475,84,1,8020
BRDA:514,85,0,6
BRDA:514,85,1,5896
BRDA:540,86,0,136466
BRDA:540,86,1,7453
BRDA:554,87,0,450
BRDA:554,87,1,7003
BRDA:557,88,0,71
BRDA:557,88,1,829
BRDA:560,89,0,363
BRDA:560,89,1,87
BRDA:567,90,0,159
BRDA:567,90,1,7294
BRDA:567,91,0,7453
BRDA:567,91,1,1555
BRDA:568,92,0,159
BRDA:568,92,1,0
BRDA:575,93,0,212
BRDA:575,93,1,7241
BRDA:575,94,0,7453
BRDA:575,94,1,231
BRDA:581,95,0,2145
BRDA:581,95,1,5308
BRDA:590,96,0,4905
BRDA:590,96,1,2548
BRDA:590,97,0,7453
BRDA:590,97,1,3302
BRDA:596,98,0,69
BRDA:596,98,1,7382
BRDA:602,99,0,16
BRDA:602,99,1,7435
BRDA:608,100,0,2897
BRDA:608,100,1,4554
BRDA:608,101,0,7451
BRDA:608,101,1,6699
BRDA:617,102,0,751
BRDA:617,102,1,6699
BRDA:629,103,0,0
BRDA:629,103,1,515
BRDA:629,104,0,515
BRDA:629,104,1,515
BRDA:629,104,2,515
BRDA:634,105,0,0
BRDA:634,105,1,515
BRDA:634,106,0,515
BRDA:634,106,1,501
BRDA:639,107,0,306
BRDA:639,107,1,209
BRDA:641,108,0,515
BRDA:641,108,1,35
BRDA:642,109,0,515
BRDA:642,109,1,501
BRDA:655,110,0,4001
BRDA:655,110,1,2135
BRDA:668,111,0,0
BRDA:668,111,1,0
BRDA:668,111,2,0
BRDA:668,111,3,0
BRDA:701,112,0,364
BRDA:701,112,1,2341
BRDA:726,113,0,1085
BRDA:726,113,1,2285
BRDA:744,114,0,529
BRDA:744,114,1,329
BRDA:753,115,0,0
BRDA:753,115,1,0
BRDA:773,116,0,0
BRDA:773,116,1,53
BRDA:776,117,0,0
BRDA:776,117,1,53
BRDA:779,118,0,0
BRDA:779,118,1,53
BRDA:780,119,0,0
BRDA:780,119,1,0
BRDA:789,120,0,0
BRDA:789,120,1,53
BRDA:807,121,0,0
BRDA:807,121,1,18464
BRDA:808,122,0,4504
BRDA:808,122,1,13960
BRDA:809,123,0,4076
BRDA:809,123,1,9884
BRDA:810,124,0,496
BRDA:810,124,1,9388
BRDA:811,125,0,144
BRDA:811,125,1,9244
BRDA:820,126,0,14102
BRDA:820,126,1,8945
BRDA:837,127,0,0
BRDA:837,127,1,0
BRF:261
BRH:228
end_of_record
TN:
SF:/home/proxym/tomcat-8.0.32/webapps/eXameLeon/lib/babel/messages.js
FN:4,(anonymous_1)
FN:38,get
FN:48,(anonymous_3)
FN:53,parseArgs
FN:54,(anonymous_5)
FNF:5
FNH:5
FNDA:1,(anonymous_1)
FNDA:22,get
FNDA:11,(anonymous_3)
FNDA:22,parseArgs
FNDA:11,(anonymous_5)
DA:4,1
DA:6,1
DA:7,1
DA:8,1
DA:10,1
DA:12,1
DA:36,1
DA:38,1
DA:39,22
DA:40,11
DA:43,22
DA:44,22
DA:46,22
DA:48,22
DA:49,11
DA:53,1
DA:54,22
DA:55,11
DA:56,0
DA:58,11
DA:59,11
DA:61,0
LF:22
LH:20
BRDA:4,1,0,0
BRDA:4,1,1,1
BRDA:4,2,0,1
BRDA:4,2,1,1
BRDA:44,3,0,0
BRDA:44,3,1,22
BRDA:55,4,0,0
BRDA:55,4,1,11
BRDA:55,5,0,11
BRDA:55,5,1,11
BRDA:59,6,0,11
BRDA:59,6,1,0
BRF:12
BRH:9
end_of_record
TN:
SF:/home/proxym/tomcat-8.0.32/webapps/eXameLeon/lib/babel/helpers/parse.js
FN:4,(anonymous_1)
FN:14,(anonymous_2)
FNF:2
FNH:2
FNDA:4,(anonymous_1)
FNDA:960,(anonymous_2)
DA:4,4
DA:6,1
DA:8,1
DA:10,1
DA:12,1
DA:14,1
DA:15,960
DA:16,960
DA:17,960
DA:19,960
DA:31,955
DA:33,955
DA:35,955
DA:36,754
DA:38,201
DA:41,27
DA:42,27
DA:43,27
DA:45,27
DA:46,27
DA:47,26
DA:48,26
DA:51,27
DA:52,27
DA:53,27
DA:54,27
DA:58,27
DA:61,27
LF:28
LH:28
BRDA:4,1,0,0
BRDA:4,1,1,4
BRDA:4,2,0,4
BRDA:4,2,1,4
BRDA:22,3,0,451
BRDA:22,3,1,509
BRDA:35,4,0,754
BRDA:35,4,1,201
BRDA:41,5,0,27
BRDA:41,5,1,0
BRDA:46,6,0,26
BRDA:46,6,1,1
BRDA:51,7,0,27
BRDA:51,7,1,0
BRF:14
BRH:12
end_of_record
TN:
SF:/home/proxym/tomcat-8.0.32/webapps/eXameLeon/lib/babel/helpers/normalize-ast.js
FN:4,(anonymous_1)
FN:8,(anonymous_2)
FNF:2
FNH:2
FNDA:1,(anonymous_1)
FNDA:955,(anonymous_2)
DA:4,1
DA:6,1
DA:8,1
DA:9,955
DA:10,955
DA:12,0
LF:6
LH:5
BRDA:4,1,0,1
BRDA:4,1,1,0
BRDA:4,2,0,1
BRDA:4,2,1,1
BRDA:9,3,0,955
BRDA:9,3,1,0
BRDA:9,4,0,955
BRDA:9,4,1,955
BRDA:10,5,0,955
BRDA:10,5,1,0
BRDA:10,6,0,955
BRDA:10,6,1,0
BRF:12
BRH:9
end_of_record
TN:
SF:/home/proxym/tomcat-8.0.32/webapps/eXameLeon/lib/babel/helpers/code-frame.js
FN:4,(anonymous_1)
FN:34,highlight
FN:35,tokenType
FN:58,(anonymous_4)
FN:68,(anonymous_5)
FN:89,transform
FNF:6
FNH:6
FNDA:6,(anonymous_1)
FNDA:50,highlight
FNDA:8430,tokenType
FNDA:8430,(anonymous_4)
FNDA:50,(anonymous_5)
FNDA:755,transform
DA:4,6
DA:6,1
DA:8,1
DA:10,1
DA:12,1
DA:14,1
DA:16,1
DA:18,1
DA:32,1
DA:34,1
DA:35,50
DA:36,8430
DA:37,8430
DA:38,493
DA:41,7937
DA:42,3370
DA:45,530
DA:48,972
DA:51,157
DA:55,6278
DA:58,50
DA:59,8430
DA:60,8430
DA:61,5837
DA:62,5837
DA:64,2593
DA:68,1
DA:69,50
DA:71,50
DA:72,50
DA:75,50
DA:77,50
DA:78,50
DA:80,50
DA:81,24
DA:82,24
DA:85,50
DA:90,755
DA:91,729
DA:93,26
DA:94,26
DA:96,26
LF:42
LH:42
BRDA:4,1,0,0
BRDA:4,1,1,6
BRDA:4,2,0,6
BRDA:4,2,1,6
BRDA:37,3,0,493
BRDA:37,3,1,7937
BRDA:37,4,0,8430
BRDA:37,4,1,1989
BRDA:41,5,0,3370
BRDA:41,5,1,4567
BRDA:42,6,0,265
BRDA:42,6,1,530
BRDA:42,6,2,486
BRDA:42,6,3,972
BRDA:42,6,4,78
BRDA:42,6,5,157
BRDA:60,7,0,5837
BRDA:60,7,1,2593
BRDA:71,8,0,50
BRDA:71,8,1,0
BRDA:80,9,0,24
BRDA:80,9,1,26
BRDA:80,10,0,50
BRDA:80,10,1,24
BRDA:90,11,0,729
BRDA:90,11,1,26
BRDA:93,12,0,26
BRDA:93,12,1,0
BRF:28
BRH:26
end_of_record
TN:
SF:/home/proxym/tomcat-8.0.32/webapps/eXameLeon/lib/babel/transformation/index.js
FN:4,(anonymous_1)
FN:18,transform
FN:23,(anonymous_3)
FN:32,(anonymous_4)
FN:71,(anonymous_5)
FNF:5
FNH:4
FNDA:6,(anonymous_1)
FNDA:760,transform
FNDA:0,(anonymous_3)
FNDA:3042,(anonymous_4)
FNDA:57,(anonymous_5)
DA:4,6
DA:6,1
DA:8,1
DA:10,1
DA:12,1
DA:14,1
DA:16,1
DA:18,1
DA:19,760
DA:20,759
DA:23,1
DA:24,0
DA:26,0
DA:27,0
DA:28,0
DA:29,0
DA:32,1
DA:33,3042
DA:35,3042
DA:36,730
DA:38,730
DA:39,730
DA:40,730
DA:41,0
DA:42,730
DA:44,0
DA:45,0
DA:46,730
DA:48,729
DA:49,1
DA:51,0
DA:54,1
DA:58,3041
DA:61,1
DA:62,1
DA:63,1
DA:65,1
DA:66,1
DA:67,1
DA:69,1
DA:71,1
DA:72,57
DA:74,57
DA:75,57
DA:76,57
DA:78,57
DA:79,57
DA:81,57
LF:48
LH:39
BRDA:4,1,0,0
BRDA:4,1,1,6
BRDA:4,2,0,6
BRDA:4,2,1,6
BRDA:40,3,0,0
BRDA:40,3,1,730
BRDA:42,4,0,0
BRDA:42,4,1,730
BRDA:46,5,0,729
BRDA:46,5,1,1
BRDA:49,6,0,0
BRDA:49,6,1,1
BRDA:76,7,0,24
BRDA:76,7,1,33
BRF:14
BRH:11
end_of_record
TN:
SF:/home/proxym/tomcat-8.0.32/webapps/eXameLeon/lib/babel/transformation/transformer.js
FN:4,(anonymous_1)
FN:8,(anonymous_2)
FN:28,(anonymous_3)
FN:29,Transformer
FN:34,take
FN:59,normalize
FN:68,(anonymous_7)
FN:81,(anonymous_8)
FN:82,(anonymous_9)
FN:90,buildPass
FNF:10
FNH:10
FNDA:6,(anonymous_1)
FNDA:57,(anonymous_2)
FNDA:1,(anonymous_3)
FNDA:57,Transformer
FNDA:456,take
FNDA:57,normalize
FNDA:296,(anonymous_7)
FNDA:9491,(anonymous_8)
FNDA:46927,(anonymous_9)
FNDA:43320,buildPass
DA:4,6
DA:8,57
DA:10,1
DA:12,1
DA:14,1
DA:16,1
DA:18,1
DA:20,1
DA:28,1
DA:29,1
DA:30,57
DA:32,57
DA:34,57
DA:35,456
DA:36,456
DA:37,456
DA:40,57
DA:41,57
DA:42,57
DA:43,57
DA:45,57
DA:46,57
DA:47,57
DA:48,57
DA:50,57
DA:52,57
DA:54,57
DA:56,57
DA:59,1
DA:60,57
DA:62,57
DA:63,0
DA:66,57
DA:68,57
DA:70,296
DA:71,56
DA:72,56
DA:75,240
DA:77,240
DA:79,240
DA:81,240
DA:82,240
DA:84,240
DA:87,57
DA:90,1
DA:91,43320
DA:94,1
DA:97,1
LF:48
LH:47
BRDA:4,1,0,0
BRDA:4,1,1,6
BRDA:4,2,0,6
BRDA:4,2,1,6
BRDA:8,3,0,0
BRDA:8,3,1,57
BRDA:54,4,0,57
BRDA:54,4,1,0
BRDA:62,5,0,0
BRDA:62,5,1,57
BRDA:70,6,0,56
BRDA:70,6,1,240
BRDA:75,7,0,0
BRDA:75,7,1,240
BRDA:75,8,0,240
BRDA:75,8,1,240
BRDA:77,9,0,223
BRDA:77,9,1,17
BRDA:79,10,0,0
BRDA:79,10,1,240
BRDA:81,11,0,11
BRDA:81,11,1,229
BRDA:82,12,0,224
BRDA:82,12,1,16
BRF:24
BRH:20
end_of_record
TN:
SF:/home/proxym/tomcat-8.0.32/webapps/eXameLeon/lib/babel/transformation/transformer-pass.js
FN:4,(anonymous_1)
FN:8,(anonymous_2)
FN:17,(anonymous_3)
FN:18,TransformerPass
FN:28,canRun
FN:57,checkNode
FN:66,transform
FNF:7
FNH:7
FNDA:1,(anonymous_1)
FNDA:43320,(anonymous_2)
FNDA:1,(anonymous_3)
FNDA:43320,TransformerPass
FNDA:46925,canRun
FNDA:1535506,checkNode
FNDA:27493,transform
DA:4,1
DA:8,43320
DA:10,1
DA:17,1
DA:18,1
DA:19,43320
DA:21,43320
DA:22,43320
DA:23,43320
DA:24,43320
DA:25,43320
DA:28,1
DA:29,46925
DA:31,46925
DA:32,46925
DA:35,46925
DA:38,40845
DA:39,40845
DA:42,39859
DA:43,39859
DA:46,39223
DA:49,28476
DA:52,26784
DA:54,23820
DA:57,1
DA:58,1535506
DA:59,1535506
DA:60,1535506
DA:62,0
DA:66,1
DA:67,27493
DA:69,14304
DA:71,14304
DA:73,14304
DA:75,14286
DA:78,1
DA:81,1
LF:37
LH:36
BRDA:4,1,0,0
BRDA:4,1,1,1
BRDA:4,2,0,1
BRDA:4,2,1,1
BRDA:8,3,0,0
BRDA:8,3,1,43320
BRDA:35,4,0,6080
BRDA:35,4,1,40845
BRDA:39,5,0,986
BRDA:39,5,1,39859
BRDA:39,6,0,40845
BRDA:39,6,1,19970
BRDA:43,7,0,636
BRDA:43,7,1,39223
BRDA:46,8,0,10747
BRDA:46,8,1,28476
BRDA:46,9,0,39223
BRDA:46,9,1,11099
BRDA:49,10,0,1692
BRDA:49,10,1,26784
BRDA:49,11,0,28476
BRDA:49,11,1,2992
BRDA:52,12,0,2964
BRDA:52,12,1,23820
BRDA:52,13,0,26784
BRDA:52,13,1,2992
BRDA:59,14,0,1535506
BRDA:59,14,1,0
BRDA:67,15,0,13189
BRDA:67,15,1,14304
BRF:30
BRH:29
end_of_record
TN:
SF:/home/proxym/tomcat-8.0.32/webapps/eXameLeon/lib/babel/transformation/file.js
FN:4,(anonymous_1)
FN:8,(anonymous_2)
FN:12,(anonymous_3)
FN:49,enter
FN:54,checkNode
FN:55,(anonymous_6)
FN:61,(anonymous_7)
FN:62,File
FN:91,normalizeOptions
FN:185,ensureEnabled
FN:197,isLoose
FN:201,buildTransformers
FN:209,(anonymous_13)
FN:229,getModuleFormatter
FN:244,parseInputSourceMap
FN:258,parseShebang
FN:271,set
FN:275,setDynamic
FN:279,get
FN:291,addImport
FN:316,isConsequenceExpressionStatement
FN:320,attachAuxiliaryComment
FN:334,addHelper
FN:366,errorWithNode
FN:375,addCode
FN:382,(anonymous_26)
FN:383,parse
FN:387,(anonymous_28)
FN:392,(anonymous_29)
FN:402,(anonymous_30)
FN:408,transform
FN:424,(anonymous_32)
FN:431,call
FN:441,(anonymous_34)
FN:442,checkNode
FN:446,(anonymous_36)
FN:451,(anonymous_37)
FN:469,mergeSourceMap
FN:491,(anonymous_39)
FN:492,generate
FN:496,(anonymous_41)
FN:501,(anonymous_42)
FNF:42
FNH:39
FNDA:2,(anonymous_1)
FNDA:15,(anonymous_2)
FNDA:761,(anonymous_3)
FNDA:82210,enter
FNDA:86670,checkNode
FNDA:3318654,(anonymous_6)
FNDA:1,(anonymous_7)
FNDA:761,File
FNDA:761,normalizeOptions
FNDA:340,ensureEnabled
FNDA:1163,isLoose
FNDA:760,buildTransformers
FNDA:43320,(anonymous_13)
FNDA:751,getModuleFormatter
FNDA:759,parseInputSourceMap
FNDA:759,parseShebang
FNDA:88,set
FNDA:20,setDynamic
FNDA:1709,get
FNDA:17,addImport
FNDA:2458,isConsequenceExpressionStatement
FNDA:498,attachAuxiliaryComment
FNDA:1061,addHelper
FNDA:21,errorWithNode
FNDA:759,addCode
FNDA:1,(anonymous_26)
FNDA:759,parse
FNDA:0,(anonymous_28)
FNDA:759,(anonymous_29)
FNDA:754,(anonymous_30)
FNDA:754,transform
FNDA:27493,(anonymous_32)
FNDA:1482,call
FNDA:1,(anonymous_34)
FNDA:4506,checkNode
FNDA:0,(anonymous_36)
FNDA:4506,(anonymous_37)
FNDA:731,mergeSourceMap
FNDA:1,(anonymous_39)
FNDA:732,generate
FNDA:0,(anonymous_41)
FNDA:732,(anonymous_42)
DA:4,2
DA:8,15
DA:12,761
DA:14,1
DA:16,1
DA:18,1
DA:20,1
DA:22,1
DA:24,1
DA:26,1
DA:28,1
DA:30,1
DA:32,1
DA:34,1
DA:36,1
DA:38,1
DA:40,1
DA:42,1
DA:44,1
DA:46,1
DA:48,1
DA:50,82210
DA:54,1
DA:55,86670
DA:56,3318654
DA:57,1535506
DA:61,1
DA:62,1
DA:63,761
DA:65,761
DA:66,761
DA:67,761
DA:68,761
DA:70,761
DA:71,761
DA:72,761
DA:74,761
DA:75,761
DA:76,760
DA:77,760
DA:79,760
DA:82,1
DA:83,1
DA:91,1
DA:92,761
DA:94,761
DA:95,4220
DA:96,0
DA:100,761
DA:124,761
DA:125,0
DA:129,761
DA:130,761
DA:131,0
DA:134,761
DA:135,3
DA:138,761
DA:140,761
DA:141,761
DA:142,761
DA:143,761
DA:144,761
DA:146,761
DA:147,0
DA:150,761
DA:154,761
DA:158,761
DA:162,761
DA:167,761
DA:168,7
DA:171,761
DA:172,36
DA:175,761
DA:176,761
DA:177,760
DA:178,760
DA:180,760
DA:181,0
DA:182,0
DA:185,760
DA:186,340
DA:187,340
DA:188,340
DA:191,760
DA:192,760
DA:194,760
DA:197,1
DA:198,1163
DA:201,1
DA:202,760
DA:204,760
DA:206,760
DA:207,760
DA:209,760
DA:210,43320
DA:212,43320
DA:213,27569
DA:215,27569
DA:216,764
DA:219,27569
DA:220,347
DA:225,760
DA:226,760
DA:229,1
DA:230,751
DA:232,751
DA:233,1
DA:234,1
DA:237,751
DA:238,1
DA:241,750
DA:244,1
DA:245,759
DA:247,759
DA:248,759
DA:249,759
DA:250,0
DA:251,0
DA:255,759
DA:258,1
DA:259,759
DA:261,759
DA:262,1
DA:265,1
DA:268,759
DA:271,1
DA:272,88
DA:275,1
DA:276,20
DA:279,1
DA:280,1709
DA:281,1709
DA:282,257
DA:284,1452
DA:285,1452
DA:286,7
DA:291,1
DA:292,17
DA:294,17
DA:296,17
DA:297,17
DA:299,17
DA:300,17
DA:301,17
DA:303,17
DA:304,17
DA:306,17
DA:307,17
DA:309,0
DA:313,17
DA:316,1
DA:317,2458
DA:320,1
DA:321,498
DA:322,498
DA:323,0
DA:324,0
DA:326,0
DA:331,498
DA:334,1
DA:335,1061
DA:336,1
DA:339,1060
DA:341,1060
DA:342,1060
DA:344,583
DA:346,583
DA:347,583
DA:348,583
DA:349,6
DA:350,577
DA:351,132
DA:352,132
DA:354,445
DA:355,445
DA:356,445
DA:357,445
DA:362,445
DA:366,1
DA:367,21
DA:369,21
DA:370,21
DA:371,21
DA:372,21
DA:375,1
DA:376,759
DA:377,759
DA:378,759
DA:379,759
DA:382,1
DA:383,1
DA:384,759
DA:387,1
DA:388,0
DA:391,1
DA:393,759
DA:395,759
DA:397,759
DA:399,759
DA:400,759
DA:402,759
DA:403,754
DA:404,732
DA:408,1
DA:409,754
DA:411,754
DA:412,754
DA:413,754
DA:415,751
DA:416,750
DA:417,724
DA:420,750
DA:422,750
DA:424,750
DA:425,27493
DA:428,732
DA:431,1
DA:432,1482
DA:433,1482
DA:434,55266
DA:435,55266
DA:436,10
DA:441,1
DA:442,1
DA:443,4506
DA:446,1
DA:447,0
DA:450,1
DA:452,4506
DA:453,46
DA:454,128
DA:456,46
DA:459,4460
DA:460,4460
DA:462,4460
DA:464,4460
DA:469,1
DA:470,731
DA:472,731
DA:474,731
DA:475,0
DA:477,0
DA:478,0
DA:479,0
DA:480,0
DA:482,0
DA:483,0
DA:484,0
DA:485,0
DA:488,731
DA:491,1
DA:492,1
DA:493,732
DA:496,1
DA:497,0
DA:500,1
DA:502,732
DA:503,732
DA:505,732
DA:511,732
DA:512,0
DA:515,732
DA:516,732
DA:518,731
DA:519,731
DA:520,731
DA:522,731
DA:524,1
DA:527,731
DA:529,731
DA:530,1
DA:533,731
DA:534,1
DA:537,731
DA:540,1
DA:543,1
LF:276
LH:251
BRDA:4,1,0,2
BRDA:4,1,1,0
BRDA:4,2,0,2
BRDA:4,2,1,2
BRDA:8,3,0,0
BRDA:8,3,1,15
BRDA:8,4,0,15
BRDA:8,4,1,15
BRDA:12,5,0,0
BRDA:12,5,1,761
BRDA:56,6,0,1783148
BRDA:56,6,1,1535506
BRDA:56,7,0,3318654
BRDA:56,7,1,1535506
BRDA:95,8,0,0
BRDA:95,8,1,4220
BRDA:95,9,0,4220
BRDA:95,9,1,4220
BRDA:124,10,0,0
BRDA:124,10,1,761
BRDA:130,11,0,0
BRDA:130,11,1,761
BRDA:134,12,0,3
BRDA:134,12,1,758
BRDA:146,13,0,0
BRDA:146,13,1,761
BRDA:146,14,0,761
BRDA:146,14,1,761
BRDA:167,15,0,7
BRDA:167,15,1,754
BRDA:171,16,0,36
BRDA:171,16,1,725
BRDA:180,17,0,0
BRDA:180,17,1,760
BRDA:187,18,0,0
BRDA:187,18,1,340
BRDA:188,19,0,0
BRDA:188,19,1,340
BRDA:212,20,0,27569
BRDA:212,20,1,15751
BRDA:215,21,0,764
BRDA:215,21,1,26805
BRDA:219,22,0,347
BRDA:219,22,1,27222
BRDA:230,23,0,0
BRDA:230,23,1,751
BRDA:232,24,0,1
BRDA:232,24,1,750
BRDA:234,25,0,0
BRDA:234,25,1,1
BRDA:237,26,0,1
BRDA:237,26,1,750
BRDA:247,27,0,759
BRDA:247,27,1,0
BRDA:249,28,0,0
BRDA:249,28,1,759
BRDA:261,29,0,1
BRDA:261,29,1,758
BRDA:281,30,0,257
BRDA:281,30,1,1452
BRDA:285,31,0,7
BRDA:285,31,1,1445
BRDA:292,32,0,4
BRDA:292,32,1,13
BRDA:296,33,0,17
BRDA:296,33,1,0
BRDA:304,34,0,4
BRDA:304,34,1,13
BRDA:306,35,0,17
BRDA:306,35,1,0
BRDA:317,36,0,2458
BRDA:317,36,1,2458
BRDA:322,37,0,0
BRDA:322,37,1,498
BRDA:324,38,0,0
BRDA:324,38,1,0
BRDA:335,39,0,1
BRDA:335,39,1,1060
BRDA:341,40,0,1060
BRDA:341,40,1,643
BRDA:342,41,0,477
BRDA:342,41,1,583
BRDA:348,42,0,6
BRDA:348,42,1,577
BRDA:350,43,0,132
BRDA:350,43,1,445
BRDA:367,44,0,17
BRDA:367,44,1,4
BRDA:376,45,0,759
BRDA:376,45,1,7
BRDA:416,46,0,724
BRDA:416,46,1,26
BRDA:416,47,0,750
BRDA:416,47,1,738
BRDA:435,48,0,10
BRDA:435,48,1,55256
BRDA:452,49,0,46
BRDA:452,49,1,4460
BRDA:460,50,0,934
BRDA:460,50,1,3526
BRDA:474,51,0,0
BRDA:474,51,1,731
BRDA:511,52,0,0
BRDA:511,52,1,732
BRDA:515,53,0,731
BRDA:515,53,1,1
BRDA:516,54,0,1
BRDA:516,54,1,731
BRDA:522,55,0,1
BRDA:522,55,1,730
BRDA:529,56,0,1
BRDA:529,56,1,730
BRDA:529,57,0,731
BRDA:529,57,1,730
BRDA:533,58,0,1
BRDA:533,58,1,730
BRF:116
BRH:98
end_of_record
TN:
SF:/home/proxym/tomcat-8.0.32/webapps/eXameLeon/lib/babel/generation/index.js
FN:4,(anonymous_1)
FN:8,(anonymous_2)
FN:12,(anonymous_3)
FN:36,(anonymous_4)
FN:37,CodeGenerator
FN:54,normalizeOptions
FN:97,generate
FN:103,(anonymous_8)
FN:114,buildPrint
FN:117,(anonymous_10)
FN:121,(anonymous_11)
FN:128,(anonymous_12)
FN:132,(anonymous_13)
FN:140,(anonymous_14)
FN:144,(anonymous_15)
FN:151,print
FN:167,(anonymous_17)
FN:232,printJoin
FN:243,(anonymous_19)
FN:247,(anonymous_20)
FN:262,printAndIndentOnComments
FN:269,printBlock
FN:278,generateComment
FN:288,printTrailingComments
FN:292,printLeadingComments
FN:296,getComments
FN:310,(anonymous_27)
FN:317,_getComments
FN:321,_printComments
FN:329,(anonymous_30)
FN:333,(anonymous_31)
FN:385,(anonymous_32)
FN:386,(anonymous_33)
FN:391,(anonymous_34)
FN:395,(anonymous_35)
FNF:35
FNH:35
FNDA:2,(anonymous_1)
FNDA:9,(anonymous_2)
FNDA:847,(anonymous_3)
FNDA:1,(anonymous_4)
FNDA:847,CodeGenerator
FNDA:847,normalizeOptions
FNDA:847,generate
FNDA:480,(anonymous_8)
FNDA:86433,buildPrint
FNDA:93605,(anonymous_10)
FNDA:4699,(anonymous_11)
FNDA:13273,(anonymous_12)
FNDA:13177,(anonymous_13)
FNDA:416,(anonymous_14)
FNDA:1304,(anonymous_15)
FNDA:94452,print
FNDA:172866,(anonymous_17)
FNDA:17972,printJoin
FNDA:28160,(anonymous_19)
FNDA:28160,(anonymous_20)
FNDA:1304,printAndIndentOnComments
FNDA:416,printBlock
FNDA:480,generateComment
FNDA:86433,printTrailingComments
FNDA:86433,printLeadingComments
FNDA:172866,getComments
FNDA:172866,(anonymous_27)
FNDA:172866,_getComments
FNDA:173713,_printComments
FNDA:489,(anonymous_30)
FNDA:1892,(anonymous_31)
FNDA:18,(anonymous_32)
FNDA:194644,(anonymous_33)
FNDA:12,(anonymous_34)
FNDA:847,(anonymous_35)
DA:4,2
DA:8,9
DA:12,847
DA:14,1
DA:16,1
DA:18,1
DA:20,1
DA:22,1
DA:24,1
DA:26,1
DA:28,1
DA:30,1
DA:32,1
DA:34,1
DA:36,1
DA:37,1
DA:38,847
DA:40,847
DA:42,847
DA:43,847
DA:44,847
DA:45,847
DA:46,847
DA:48,847
DA:49,847
DA:50,847
DA:51,847
DA:54,1
DA:55,847
DA:56,847
DA:57,837
DA:58,837
DA:61,847
DA:71,847
DA:72,731
DA:74,731
DA:75,0
DA:79,847
DA:82,1
DA:97,1
DA:98,847
DA:100,847
DA:102,847
DA:103,847
DA:104,480
DA:106,847
DA:108,847
DA:114,1
DA:115,86433
DA:117,86433
DA:118,93605
DA:121,86433
DA:122,4699
DA:124,4699
DA:125,4699
DA:128,86433
DA:129,13273
DA:132,86433
DA:133,13177
DA:134,13177
DA:135,13177
DA:137,13177
DA:140,86433
DA:141,416
DA:144,86433
DA:145,1304
DA:148,86433
DA:151,1
DA:152,94452
DA:154,94452
DA:156,94452
DA:158,86433
DA:159,17334
DA:162,86433
DA:163,86433
DA:164,17780
DA:167,86433
DA:168,172866
DA:169,145892
DA:172,26974
DA:174,26974
DA:176,10812
DA:177,5406
DA:179,5406
DA:183,16162
DA:184,16162
DA:186,16162
DA:187,16162
DA:188,16162
DA:191,16162
DA:194,26974
DA:197,86433
DA:198,86433
DA:199,86433
DA:201,86433
DA:202,86433
DA:204,86433
DA:206,86433
DA:208,86433
DA:209,86433
DA:211,86433
DA:213,86433
DA:214,1
DA:215,1
DA:217,86433
DA:219,86433
DA:220,86433
DA:222,86433
DA:224,86433
DA:226,0
DA:229,86433
DA:232,1
DA:233,17972
DA:235,17972
DA:237,17972
DA:239,15665
DA:241,15665
DA:243,15665
DA:244,28160
DA:248,28160
DA:249,1851
DA:252,28160
DA:253,5234
DA:259,15665
DA:262,1
DA:263,1304
DA:264,1304
DA:265,1304
DA:266,1304
DA:269,1
DA:270,416
DA:271,12
DA:273,404
DA:274,404
DA:278,1
DA:279,480
DA:280,480
DA:281,448
DA:283,32
DA:285,480
DA:288,1
DA:289,86433
DA:292,1
DA:293,86433
DA:296,1
DA:297,172866
DA:299,172866
DA:300,9558
DA:303,163308
DA:304,163308
DA:306,163308
DA:307,9558
DA:310,163308
DA:311,172866
DA:314,163308
DA:317,1
DA:318,172866
DA:321,1
DA:322,173713
DA:324,173713
DA:326,173713
DA:327,173713
DA:329,353
DA:330,489
DA:333,489
DA:334,1892
DA:336,489
DA:338,489
DA:339,489
DA:343,489
DA:346,480
DA:348,480
DA:349,480
DA:351,480
DA:352,31
DA:353,31
DA:358,480
DA:359,32
DA:360,32
DA:361,25
DA:362,25
DA:365,32
DA:366,32
DA:369,480
DA:370,443
DA:375,480
DA:378,480
DA:382,1
DA:385,1
DA:386,18
DA:387,194644
DA:391,1
DA:392,12
DA:395,1
DA:396,847
DA:397,847
DA:400,1
LF:197
LH:195
BRDA:4,1,0,2
BRDA:4,1,1,0
BRDA:4,2,0,2
BRDA:4,2,1,2
BRDA:8,3,0,0
BRDA:8,3,1,9
BRDA:8,4,0,9
BRDA:8,4,1,9
BRDA:12,5,0,0
BRDA:12,5,1,847
BRDA:40,6,0,116
BRDA:40,6,1,731
BRDA:42,7,0,847
BRDA:42,7,1,3
BRDA:43,8,0,847
BRDA:43,8,1,3
BRDA:56,9,0,837
BRDA:56,9,1,10
BRDA:58,10,0,493
BRDA:58,10,1,344
BRDA:58,11,0,837
BRDA:58,11,1,499
BRDA:62,12,0,847
BRDA:62,12,1,731
BRDA:71,13,0,731
BRDA:71,13,1,116
BRDA:74,14,0,0
BRDA:74,14,1,731
BRDA:104,15,0,12
BRDA:104,15,1,468
BRDA:122,16,0,872
BRDA:122,16,1,3827
BRDA:133,17,0,475
BRDA:133,17,1,12702
BRDA:135,18,0,3728
BRDA:135,18,1,9449
BRDA:154,19,0,66292
BRDA:154,19,1,28160
BRDA:156,20,0,8019
BRDA:156,20,1,86433
BRDA:158,21,0,17334
BRDA:158,21,1,69099
BRDA:158,22,0,86433
BRDA:158,22,1,85586
BRDA:163,23,0,17780
BRDA:163,23,1,68653
BRDA:168,24,0,145892
BRDA:168,24,1,26974
BRDA:168,25,0,172866
BRDA:168,25,1,148966
BRDA:174,26,0,10812
BRDA:174,26,1,16162
BRDA:174,27,0,26974
BRDA:174,27,1,10920
BRDA:176,28,0,5406
BRDA:176,28,1,5406
BRDA:183,29,0,8081
BRDA:183,29,1,8081
BRDA:184,30,0,402
BRDA:184,30,1,15760
BRDA:184,31,0,402
BRDA:184,31,1,353
BRDA:187,32,0,8081
BRDA:187,32,1,8081
BRDA:188,33,0,6697
BRDA:188,33,1,9465
BRDA:191,34,0,569
BRDA:191,34,1,15593
BRDA:197,35,0,86433
BRDA:197,35,1,0
BRDA:199,36,0,86433
BRDA:199,36,1,86432
BRDA:201,37,0,866
BRDA:201,37,1,85567
BRDA:202,38,0,1
BRDA:202,38,1,86432
BRDA:208,39,0,0
BRDA:208,39,1,86433
BRDA:213,40,0,1
BRDA:213,40,1,86432
BRDA:217,41,0,866
BRDA:217,41,1,85567
BRDA:220,42,0,28160
BRDA:220,42,1,58273
BRDA:226,43,0,0
BRDA:226,43,1,0
BRDA:235,44,0,0
BRDA:235,44,1,17972
BRDA:237,45,0,2307
BRDA:237,45,1,15665
BRDA:237,46,0,17972
BRDA:237,46,1,17972
BRDA:241,47,0,4806
BRDA:241,47,1,10859
BRDA:248,48,0,1851
BRDA:248,48,1,26309
BRDA:252,49,0,5234
BRDA:252,49,1,22926
BRDA:252,50,0,28160
BRDA:252,50,1,16210
BRDA:259,51,0,4806
BRDA:259,51,1,10859
BRDA:264,52,0,3
BRDA:264,52,1,1301
BRDA:266,53,0,3
BRDA:266,53,1,1301
BRDA:270,54,0,12
BRDA:270,54,1,404
BRDA:280,55,0,448
BRDA:280,55,1,32
BRDA:299,56,0,9558
BRDA:299,56,1,163308
BRDA:306,57,0,9558
BRDA:306,57,1,153750
BRDA:318,58,0,172866
BRDA:318,58,1,163308
BRDA:318,58,2,160672
BRDA:324,59,0,0
BRDA:324,59,1,173713
BRDA:326,60,0,0
BRDA:326,60,1,173713
BRDA:327,61,0,173360
BRDA:327,61,1,353
BRDA:327,62,0,173713
BRDA:327,62,1,173713
BRDA:334,63,0,489
BRDA:334,63,1,1403
BRDA:336,64,0,9
BRDA:336,64,1,480
BRDA:343,65,0,9
BRDA:343,65,1,480
BRDA:351,66,0,31
BRDA:351,66,1,449
BRDA:351,67,0,480
BRDA:351,67,1,37
BRDA:358,68,0,32
BRDA:358,68,1,448
BRDA:358,69,0,480
BRDA:358,69,1,32
BRDA:360,70,0,25
BRDA:360,70,1,7
BRDA:369,71,0,443
BRDA:369,71,1,37
BRF:143
BRH:135
end_of_record
TN:
SF:/home/proxym/tomcat-8.0.32/webapps/eXameLeon/lib/babel/generation/whitespace.js
FN:4,(anonymous_1)
FN:8,(anonymous_2)
FN:22,getLookupIndex
FN:32,(anonymous_4)
FN:33,Whitespace
FN:50,getNewlinesBefore
FN:74,getNewlinesAfter
FN:108,getNewlinesBetween
FNF:8
FNH:8
FNDA:1,(anonymous_1)
FNDA:847,(anonymous_2)
FNDA:68878,getLookupIndex
FNDA:1,(anonymous_4)
FNDA:847,Whitespace
FNDA:5886,getNewlinesBefore
FNDA:5886,getNewlinesAfter
FNDA:11041,getNewlinesBetween
DA:4,1
DA:8,847
DA:10,1
DA:22,1
DA:23,68878
DA:25,68878
DA:26,2413
DA:29,68878
DA:32,1
DA:33,1
DA:34,847
DA:36,847
DA:37,847
DA:47,847
DA:50,1
DA:51,5886
DA:52,5886
DA:53,5886
DA:54,5886
DA:56,5886
DA:58,26701
DA:59,26701
DA:62,26701
DA:63,5886
DA:64,5886
DA:66,5886
DA:67,5886
DA:71,5886
DA:74,1
DA:75,5886
DA:76,5886
DA:77,5886
DA:78,5886
DA:80,5886
DA:82,42177
DA:83,42177
DA:86,42177
DA:87,5886
DA:88,5886
DA:90,5886
DA:91,5886
DA:95,5886
DA:96,731
DA:98,5155
DA:99,5155
DA:101,0
DA:103,5155
DA:108,1
DA:109,11041
DA:111,11041
DA:112,11041
DA:113,11041
DA:115,11041
DA:116,11363
DA:117,7133
DA:118,7133
DA:122,11041
DA:125,1
DA:128,1
LF:59
LH:58
BRDA:4,1,0,0
BRDA:4,1,1,1
BRDA:4,2,0,1
BRDA:4,2,1,1
BRDA:8,3,0,0
BRDA:8,3,1,847
BRDA:25,4,0,2413
BRDA:25,4,1,66465
BRDA:62,5,0,5886
BRDA:62,5,1,20815
BRDA:86,6,0,5886
BRDA:86,6,1,36291
BRDA:95,7,0,731
BRDA:95,7,1,5155
BRDA:95,8,0,5886
BRDA:95,8,1,5886
BRDA:99,9,0,0
BRDA:99,9,1,5155
BRDA:99,10,0,5155
BRDA:99,10,1,415
BRDA:109,11,0,0
BRDA:109,11,1,11041
BRDA:109,12,0,11041
BRDA:109,12,1,11041
BRDA:111,13,0,10417
BRDA:111,13,1,624
BRDA:116,14,0,7133
BRDA:116,14,1,4230
BRF:28
BRH:26
end_of_record
TN:
SF:/home/proxym/tomcat-8.0.32/webapps/eXameLeon/lib/babel/generation/source-map.js
FN:4,(anonymous_1)
FN:8,(anonymous_2)
FN:12,(anonymous_3)
FN:18,(anonymous_4)
FN:19,SourceMap
FN:37,get
FN:46,mark
FNF:7
FNH:7
FNDA:1,(anonymous_1)
FNDA:1,(anonymous_2)
FNDA:847,(anonymous_3)
FNDA:1,(anonymous_4)
FNDA:847,SourceMap
FNDA:847,get
FNDA:172866,mark
DA:4,1
DA:8,1
DA:12,847
DA:14,1
DA:16,1
DA:18,1
DA:19,1
DA:20,847
DA:22,847
DA:23,847
DA:25,847
DA:26,4
DA:31,4
DA:33,843
DA:37,1
DA:38,847
DA:39,847
DA:40,4
DA:42,843
DA:46,1
DA:47,172866
DA:48,172866
DA:50,72032
DA:51,72032
DA:53,106
DA:55,98
DA:57,98
DA:62,98
DA:64,98
DA:71,1
DA:74,1
LF:31
LH:31
BRDA:4,1,0,1
BRDA:4,1,1,0
BRDA:4,2,0,1
BRDA:4,2,1,1
BRDA:8,3,0,0
BRDA:8,3,1,1
BRDA:8,4,0,1
BRDA:8,4,1,1
BRDA:12,5,0,0
BRDA:12,5,1,847
BRDA:25,6,0,4
BRDA:25,6,1,843
BRDA:39,7,0,4
BRDA:39,7,1,843
BRDA:48,8,0,100834
BRDA:48,8,1,72032
BRDA:51,9,0,71926
BRDA:51,9,1,106
BRDA:53,10,0,8
BRDA:53,10,1,98
BRDA:53,11,0,106
BRDA:53,11,1,98
BRF:22
BRH:22
end_of_record
TN:
SF:/home/proxym/tomcat-8.0.32/webapps/eXameLeon/lib/babel/generation/position.js
FN:4,(anonymous_1)
FN:6,(anonymous_2)
FN:7,Position
FN:14,push
FN:25,unshift
FNF:5
FNH:5
FNDA:847,(anonymous_1)
FNDA:1,(anonymous_2)
FNDA:847,Position
FNDA:182325,push
FNDA:3699,unshift
DA:4,847
DA:6,1
DA:7,1
DA:8,847
DA:10,847
DA:11,847
DA:14,1
DA:15,182325
DA:16,489990
DA:17,21148
DA:18,21148
DA:20,468842
DA:25,1
DA:26,3699
DA:27,3699
DA:28,2883
DA:30,816
DA:35,1
DA:38,1
LF:19
LH:19
BRDA:4,1,0,0
BRDA:4,1,1,847
BRDA:16,2,0,21148
BRDA:16,2,1,468842
BRDA:27,3,0,2883
BRDA:27,3,1,816
BRF:6
BRH:6
end_of_record
TN:
SF:/home/proxym/tomcat-8.0.32/webapps/eXameLeon/lib/babel/generation/buffer.js
FN:4,(anonymous_1)
FN:8,(anonymous_2)
FN:20,(anonymous_3)
FN:21,Buffer
FN:30,get
FN:34,getIndent
FN:42,indentSize
FN:46,indent
FN:50,dedent
FN:54,semicolon
FN:58,ensureSemicolon
FN:62,rightBrace
FN:67,keyword
FN:72,space
FN:79,removeLast
FN:87,newline
FN:117,_newline
FN:133,_removeSpacesAfterLastNewline
FN:151,push
FN:166,_push
FN:171,endsWith
FN:175,isLast
FNF:22
FNH:22
FNDA:5,(anonymous_1)
FNDA:847,(anonymous_2)
FNDA:1,(anonymous_3)
FNDA:847,Buffer
FNDA:847,get
FNDA:101335,getIndent
FNDA:32,indentSize
FNDA:4883,indent
FNDA:4883,dedent
FNDA:9902,semicolon
FNDA:27,ensureSemicolon
FNDA:3618,rightBrace
FNDA:1739,keyword
FNDA:25363,space
FNDA:25116,removeLast
FNDA:35421,newline
FNDA:22247,_newline
FNDA:20903,_removeSpacesAfterLastNewline
FNDA:152525,push
FNDA:182325,_push
FNDA:66557,endsWith
FNDA:175571,isLast
DA:4,5
DA:8,847
DA:10,1
DA:12,1
DA:14,1
DA:16,1
DA:18,1
DA:20,1
DA:21,1
DA:22,847
DA:24,847
DA:25,847
DA:26,847
DA:27,847
DA:30,1
DA:31,847
DA:34,1
DA:35,101335
DA:36,32757
DA:38,68578
DA:42,1
DA:43,32
DA:46,1
DA:47,4883
DA:50,1
DA:51,4883
DA:54,1
DA:55,9902
DA:58,1
DA:59,27
DA:62,1
DA:63,3618
DA:64,3618
DA:67,1
DA:68,1739
DA:69,1739
DA:72,1
DA:73,25363
DA:74,25363
DA:75,20989
DA:79,1
DA:80,25116
DA:81,25116
DA:83,3699
DA:84,3699
DA:87,1
DA:88,35421
DA:90,35421
DA:91,7010
DA:92,7010
DA:95,28411
DA:97,28411
DA:98,23356
DA:100,23356
DA:101,23356
DA:103,13338
DA:104,17192
DA:105,17192
DA:107,13338
DA:110,5055
DA:111,2402
DA:114,5055
DA:117,1
DA:119,22247
DA:122,20903
DA:124,20903
DA:125,20903
DA:126,20903
DA:133,1
DA:134,20903
DA:135,20903
DA:137,20065
DA:138,20065
DA:139,15724
DA:140,15714
DA:143,10
DA:146,20065
DA:147,4351
DA:151,1
DA:152,152525
DA:154,100860
DA:157,100860
DA:160,100860
DA:163,152525
DA:166,1
DA:167,182325
DA:168,182325
DA:171,1
DA:172,66557
DA:175,1
DA:176,175571
DA:178,175571
DA:179,175571
DA:181,175571
DA:182,37
DA:184,175534
DA:188,1
DA:191,1
LF:98
LH:98
BRDA:4,1,0,0
BRDA:4,1,1,5
BRDA:4,2,0,5
BRDA:4,2,1,5
BRDA:8,3,0,0
BRDA:8,3,1,847
BRDA:35,4,0,32757
BRDA:35,4,1,68578
BRDA:35,5,0,101335
BRDA:35,5,1,101335
BRDA:59,6,0,26
BRDA:59,6,1,1
BRDA:73,7,0,0
BRDA:73,7,1,25363
BRDA:74,8,0,20989
BRDA:74,8,1,4374
BRDA:74,9,0,25363
BRDA:74,9,1,25363
BRDA:74,9,2,21500
BRDA:80,10,0,0
BRDA:80,10,1,25116
BRDA:81,11,0,21417
BRDA:81,11,1,3699
BRDA:88,12,0,0
BRDA:88,12,1,35421
BRDA:90,13,0,7010
BRDA:90,13,1,28411
BRDA:95,14,0,28411
BRDA:95,14,1,0
BRDA:97,15,0,23356
BRDA:97,15,1,5055
BRDA:100,16,0,2633
BRDA:100,16,1,20723
BRDA:100,17,0,23356
BRDA:100,17,1,20954
BRDA:101,18,0,10018
BRDA:101,18,1,13338
BRDA:110,19,0,2402
BRDA:110,19,1,2653
BRDA:119,20,0,1344
BRDA:119,20,1,20903
BRDA:122,21,0,620
BRDA:122,21,1,20283
BRDA:122,22,0,20903
BRDA:122,22,1,2402
BRDA:135,23,0,838
BRDA:135,23,1,20065
BRDA:139,24,0,15714
BRDA:139,24,1,10
BRDA:146,25,0,4351
BRDA:146,25,1,15714
BRDA:152,26,0,100860
BRDA:152,26,1,51665
BRDA:152,27,0,152525
BRDA:152,27,1,152525
BRDA:152,27,2,100860
BRDA:152,27,3,100860
BRDA:160,28,0,8344
BRDA:160,28,1,92516
BRDA:176,29,0,0
BRDA:176,29,1,175571
BRDA:181,30,0,37
BRDA:181,30,1,175534
BRF:63
BRH:58
end_of_record
TN:
SF:/home/proxym/tomcat-8.0.32/webapps/eXameLeon/lib/babel/generation/node/index.js
FN:4,(anonymous_1)
FN:8,(anonymous_2)
FN:12,(anonymous_3)
FN:24,find
FN:42,(anonymous_5)
FN:43,Node
FN:50,isUserWhitespacable
FN:54,needsWhitespace
FN:76,needsWhitespaceBefore
FN:80,needsWhitespaceAfter
FN:84,needsParens
FN:90,(anonymous_12)
FN:99,needsParensNoLineTerminator
FN:123,(anonymous_14)
FN:124,(anonymous_15)
FNF:15
FNH:13
FNDA:2,(anonymous_1)
FNDA:3,(anonymous_2)
FNDA:0,(anonymous_3)
FNDA:114645,find
FNDA:1,(anonymous_5)
FNDA:0,Node
FNDA:148966,isUserWhitespacable
FNDA:18585,needsWhitespace
FNDA:8081,needsWhitespaceBefore
FNDA:8081,needsWhitespaceAfter
FNDA:86432,needsParens
FNDA:3551,(anonymous_12)
FNDA:86433,needsParensNoLineTerminator
FNDA:2,(anonymous_14)
FNDA:0,(anonymous_15)
DA:4,2
DA:8,3
DA:12,1
DA:14,1
DA:16,1
DA:18,1
DA:20,1
DA:22,1
DA:24,1
DA:25,114645
DA:26,114645
DA:28,114645
DA:29,114645
DA:30,1528492
DA:32,1528492
DA:33,25741
DA:34,25741
DA:35,25741
DA:39,114645
DA:42,1
DA:43,1
DA:44,0
DA:46,0
DA:47,0
DA:50,1
DA:51,148966
DA:54,1
DA:55,18585
DA:57,18513
DA:58,4016
DA:61,18513
DA:63,18513
DA:64,10559
DA:65,10559
DA:66,2496
DA:67,2423
DA:68,2423
DA:73,18513
DA:76,1
DA:77,8081
DA:80,1
DA:81,8081
DA:84,1
DA:85,86432
DA:87,85585
DA:88,380
DA:90,371
DA:91,3551
DA:93,371
DA:96,85573
DA:99,1
DA:100,86433
DA:103,85586
DA:104,85292
DA:107,294
DA:108,0
DA:111,294
DA:112,1
DA:115,293
DA:118,1
DA:121,1
DA:123,1
DA:124,2
DA:126,0
DA:128,0
DA:129,0
DA:131,0
DA:132,0
DA:135,0
LF:69
LH:59
BRDA:4,1,0,2
BRDA:4,1,1,0
BRDA:4,2,0,2
BRDA:4,2,1,2
BRDA:8,3,0,0
BRDA:8,3,1,3
BRDA:8,4,0,3
BRDA:8,4,1,3
BRDA:12,5,0,0
BRDA:12,5,1,0
BRDA:25,6,0,0
BRDA:25,6,1,114645
BRDA:32,7,0,25741
BRDA:32,7,1,1502751
BRDA:35,8,0,14739
BRDA:35,8,1,11002
BRDA:55,9,0,72
BRDA:55,9,1,18513
BRDA:57,10,0,4016
BRDA:57,10,1,14497
BRDA:63,11,0,10559
BRDA:63,11,1,7954
BRDA:65,12,0,2496
BRDA:65,12,1,8063
BRDA:68,13,0,24
BRDA:68,13,1,2399
BRDA:73,14,0,18513
BRDA:73,14,1,7978
BRDA:73,14,2,11792
BRDA:85,15,0,847
BRDA:85,15,1,85585
BRDA:87,16,0,380
BRDA:87,16,1,85205
BRDA:87,17,0,85585
BRDA:87,17,1,654
BRDA:88,18,0,9
BRDA:88,18,1,371
BRDA:93,19,0,3
BRDA:93,19,1,368
BRDA:100,20,0,847
BRDA:100,20,1,85586
BRDA:103,21,0,85292
BRDA:103,21,1,294
BRDA:103,22,0,85586
BRDA:103,22,1,6532
BRDA:107,23,0,0
BRDA:107,23,1,294
BRDA:107,24,0,294
BRDA:107,24,1,294
BRDA:111,25,0,1
BRDA:111,25,1,293
BRDA:111,26,0,294
BRDA:111,26,1,294
BRDA:111,26,2,294
BRDA:111,26,3,293
BRF:55
BRH:53
end_of_record
TN:
SF:/home/proxym/tomcat-8.0.32/webapps/eXameLeon/lib/babel/generation/node/whitespace.js
FN:4,(anonymous_1)
FN:8,(anonymous_2)
FN:18,crawl
FN:40,isHelper
FN:54,isType
FN:59,AssignmentExpression
FN:69,SwitchCase
FN:75,LogicalExpression
FN:83,Literal
FN:91,CallExpression
FN:100,VariableDeclaration
FN:119,IfStatement
FN:129,(anonymous_13)
FN:138,VariableDeclaration
FN:142,ArrayExpression
FN:146,ObjectExpression
FN:158,(anonymous_17)
FN:163,(anonymous_18)
FN:164,(anonymous_19)
FNF:19
FNH:18
FNDA:1,(anonymous_1)
FNDA:3,(anonymous_2)
FNDA:7914,crawl
FNDA:17812,isHelper
FNDA:2320,isType
FNDA:1574,AssignmentExpression
FNDA:402,SwitchCase
FNDA:0,LogicalExpression
FNDA:1226,Literal
FNDA:1910,CallExpression
FNDA:4174,VariableDeclaration
FNDA:1768,IfStatement
FNDA:1927,(anonymous_13)
FNDA:2200,VariableDeclaration
FNDA:164,ArrayExpression
FNDA:132,ObjectExpression
FNDA:6,(anonymous_17)
FNDA:16,(anonymous_18)
FNDA:1184,(anonymous_19)
DA:4,1
DA:8,3
DA:10,1
DA:12,1
DA:14,1
DA:16,1
DA:18,1
DA:19,7914
DA:21,7914
DA:22,1934
DA:23,1934
DA:24,5980
DA:25,28
DA:26,28
DA:27,5952
DA:28,876
DA:29,876
DA:30,5076
DA:31,504
DA:32,4572
DA:33,2730
DA:34,2730
DA:37,7914
DA:40,1
DA:41,17812
DA:42,2350
DA:43,15462
DA:44,8956
DA:45,6506
DA:46,2576
DA:47,3930
DA:48,12
DA:50,3918
DA:54,1
DA:55,2320
DA:58,1
DA:60,1574
DA:61,1574
DA:62,126
DA:70,402
DA:76,0
DA:77,0
DA:84,1226
DA:85,832
DA:92,1910
DA:93,1140
DA:101,4174
DA:102,4212
DA:104,4212
DA:105,4212
DA:106,2776
DA:107,2776
DA:110,4212
DA:111,1974
DA:120,1768
DA:121,1154
DA:129,1
DA:130,1927
DA:131,1142
DA:137,1
DA:139,2200
DA:143,164
DA:147,132
DA:151,1
DA:159,6
DA:160,6
DA:163,6
DA:164,16
DA:165,1184
LF:69
LH:67
BRDA:4,1,0,1
BRDA:4,1,1,0
BRDA:4,2,0,1
BRDA:4,2,1,1
BRDA:8,3,0,0
BRDA:8,3,1,3
BRDA:8,4,0,3
BRDA:8,4,1,3
BRDA:19,5,0,4350
BRDA:19,5,1,3564
BRDA:21,6,0,1934
BRDA:21,6,1,5980
BRDA:23,7,0,698
BRDA:23,7,1,1236
BRDA:24,8,0,28
BRDA:24,8,1,5952
BRDA:24,9,0,5980
BRDA:24,9,1,5970
BRDA:27,10,0,876
BRDA:27,10,1,5076
BRDA:30,11,0,504
BRDA:30,11,1,4572
BRDA:32,12,0,2730
BRDA:32,12,1,1842
BRDA:34,13,0,2730
BRDA:34,13,1,0
BRDA:41,14,0,2350
BRDA:41,14,1,15462
BRDA:42,15,0,2350
BRDA:42,15,1,1326
BRDA:43,16,0,8956
BRDA:43,16,1,6506
BRDA:44,17,0,8956
BRDA:44,17,1,8864
BRDA:45,18,0,2576
BRDA:45,18,1,3930
BRDA:47,19,0,12
BRDA:47,19,1,3918
BRDA:47,20,0,3930
BRDA:47,20,1,3930
BRDA:48,21,0,12
BRDA:48,21,1,0
BRDA:48,21,2,12
BRDA:55,22,0,2320
BRDA:55,22,1,2076
BRDA:55,22,2,1952
BRDA:55,22,3,1810
BRDA:55,22,4,1644
BRDA:61,23,0,126
BRDA:61,23,1,1448
BRDA:61,24,0,1574
BRDA:61,24,1,134
BRDA:61,24,2,1574
BRDA:71,25,0,402
BRDA:71,25,1,96
BRDA:76,26,0,0
BRDA:76,26,1,0
BRDA:76,27,0,0
BRDA:76,27,1,0
BRDA:84,28,0,832
BRDA:84,28,1,394
BRDA:92,29,0,1140
BRDA:92,29,1,770
BRDA:92,30,0,1910
BRDA:92,30,1,1830
BRDA:104,31,0,4212
BRDA:104,31,1,2320
BRDA:105,32,0,2776
BRDA:105,32,1,1436
BRDA:107,33,0,2776
BRDA:107,33,1,802
BRDA:107,33,2,2616
BRDA:110,34,0,1974
BRDA:110,34,1,2238
BRDA:120,35,0,1154
BRDA:120,35,1,614
BRDA:130,36,0,1142
BRDA:130,36,1,785
BRDA:159,37,0,6
BRDA:159,37,1,0
BRDA:163,38,0,6
BRDA:163,38,1,3
BRF:82
BRH:75
end_of_record
TN:
SF:/home/proxym/tomcat-8.0.32/webapps/eXameLeon/lib/babel/generation/node/parentheses.js
FN:4,(anonymous_1)
FN:8,(anonymous_2)
FN:29,(anonymous_3)
FN:30,(anonymous_4)
FN:35,NullableTypeAnnotation
FN:41,UpdateExpression
FN:48,ObjectExpression
FN:62,Binary
FN:92,BinaryExpression
FN:106,SequenceExpression
FN:124,YieldExpression
FN:128,ClassExpression
FN:132,UnaryLike
FN:136,FunctionExpression
FN:153,ConditionalExpression
FNF:15
FNH:15
FNDA:1,(anonymous_1)
FNDA:1,(anonymous_2)
FNDA:11,(anonymous_3)
FNDA:24,(anonymous_4)
FNDA:39,NullableTypeAnnotation
FNDA:201,UpdateExpression
FNDA:1091,ObjectExpression
FNDA:1978,Binary
FNDA:1453,BinaryExpression
FNDA:62,SequenceExpression
FNDA:15,YieldExpression
FNDA:18,ClassExpression
FNDA:567,UnaryLike
FNDA:1703,FunctionExpression
FNDA:1953,ConditionalExpression
DA:4,1
DA:8,1
DA:10,1
DA:11,1
DA:12,1
DA:13,1
DA:14,1
DA:15,1
DA:16,1
DA:17,1
DA:18,1
DA:19,1
DA:20,1
DA:21,1
DA:23,1
DA:25,1
DA:27,1
DA:29,1
DA:30,11
DA:31,24
DA:35,1
DA:36,39
DA:39,1
DA:41,1
DA:42,201
DA:44,1
DA:48,1
DA:49,1091
DA:51,1
DA:54,1090
DA:56,6
DA:59,1084
DA:62,1
DA:63,1978
DA:64,4
DA:67,1974
DA:68,100
DA:71,1874
DA:72,1
DA:75,1873
DA:76,467
DA:77,467
DA:79,467
DA:80,467
DA:82,467
DA:83,15
DA:86,452
DA:87,24
DA:92,1
DA:93,1453
DA:95,91
DA:96,4
DA:100,87
DA:101,3
DA:106,1
DA:107,62
DA:112,1
DA:115,61
DA:116,12
DA:121,49
DA:124,1
DA:125,15
DA:128,1
DA:129,18
DA:132,1
DA:133,567
DA:136,1
DA:138,1703
DA:139,6
DA:143,1697
DA:144,9
DA:148,1688
DA:149,377
DA:153,1
DA:154,1953
DA:155,53
DA:158,1900
DA:159,83
DA:162,1817
DA:163,35
DA:164,0
DA:168,1817
DA:169,0
DA:172,1817
DA:173,105
DA:176,1712
DA:179,1
LF:87
LH:85
BRDA:4,1,0,1
BRDA:4,1,1,0
BRDA:4,2,0,1
BRDA:4,2,1,1
BRDA:8,3,0,0
BRDA:8,3,1,1
BRDA:8,4,0,1
BRDA:8,4,1,1
BRDA:42,5,0,1
BRDA:42,5,1,200
BRDA:42,6,0,201
BRDA:42,6,1,8
BRDA:49,7,0,1
BRDA:49,7,1,1090
BRDA:54,8,0,6
BRDA:54,8,1,1084
BRDA:54,9,0,1090
BRDA:54,9,1,6
BRDA:63,10,0,4
BRDA:63,10,1,1974
BRDA:63,11,0,1978
BRDA:63,11,1,1798
BRDA:63,11,2,241
BRDA:67,12,0,100
BRDA:67,12,1,1874
BRDA:71,13,0,1
BRDA:71,13,1,1873
BRDA:71,14,0,1874
BRDA:71,14,1,25
BRDA:75,15,0,467
BRDA:75,15,1,1406
BRDA:82,16,0,15
BRDA:82,16,1,452
BRDA:86,17,0,24
BRDA:86,17,1,428
BRDA:86,18,0,452
BRDA:86,18,1,176
BRDA:93,19,0,91
BRDA:93,19,1,1362
BRDA:95,20,0,4
BRDA:95,20,1,87
BRDA:100,21,0,3
BRDA:100,21,1,84
BRDA:107,22,0,1
BRDA:107,22,1,61
BRDA:115,23,0,12
BRDA:115,23,1,49
BRDA:115,24,0,61
BRDA:115,24,1,12
BRDA:125,25,0,15
BRDA:125,25,1,13
BRDA:125,25,2,13
BRDA:125,25,3,13
BRDA:125,25,4,13
BRDA:125,25,5,13
BRDA:125,25,6,13
BRDA:133,26,0,567
BRDA:133,26,1,1
BRDA:138,27,0,6
BRDA:138,27,1,1697
BRDA:143,28,0,9
BRDA:143,28,1,1688
BRDA:143,29,0,1697
BRDA:143,29,1,9
BRDA:148,30,0,377
BRDA:148,30,1,1311
BRDA:148,31,0,1688
BRDA:148,31,1,577
BRDA:154,32,0,53
BRDA:154,32,1,1900
BRDA:158,33,0,83
BRDA:158,33,1,1817
BRDA:162,34,0,35
BRDA:162,34,1,1782
BRDA:162,35,0,1817
BRDA:162,35,1,1782
BRDA:163,36,0,0
BRDA:163,36,1,35
BRDA:168,37,0,0
BRDA:168,37,1,1817
BRDA:168,38,0,1817
BRDA:168,38,1,0
BRDA:172,39,0,105
BRDA:172,39,1,1712
BRDA:172,40,0,1817
BRDA:172,40,1,105
BRF:86
BRH:83
end_of_record
TN:
SF:/home/proxym/tomcat-8.0.32/webapps/eXameLeon/lib/babel/generation/generators/template-literals.js
FN:4,(anonymous_1)
FN:13,TaggedTemplateExpression
FN:18,TemplateElement
FN:22,TemplateLiteral
FN:30,(anonymous_5)
FNF:5
FNH:5
FNDA:1,(anonymous_1)
FNDA:6,TaggedTemplateExpression
FNDA:25,TemplateElement
FNDA:17,TemplateLiteral
FNDA:25,(anonymous_5)
DA:4,1
DA:6,1
DA:7,1
DA:8,1
DA:9,1
DA:11,1
DA:13,1
DA:14,6
DA:15,6
DA:18,1
DA:19,25
DA:22,1
DA:23,17
DA:25,17
DA:27,17
DA:28,17
DA:30,17
DA:31,25
DA:33,25
DA:34,8
DA:35,8
DA:36,8
DA:40,17
LF:23
LH:23
BRDA:4,1,0,0
BRDA:4,1,1,1
BRDA:4,2,0,1
BRDA:4,2,1,1
BRDA:33,3,0,8
BRDA:33,3,1,17
BRF:6
BRH:6
end_of_record
TN:
SF:/home/proxym/tomcat-8.0.32/webapps/eXameLeon/lib/babel/generation/generators/comprehensions.js
FN:7,ComprehensionBlock
FN:16,ComprehensionExpression
FNF:2
FNH:2
FNDA:12,ComprehensionBlock
FNDA:8,ComprehensionExpression
DA:3,1
DA:4,1
DA:5,1
DA:7,1
DA:8,12
DA:9,12
DA:10,12
DA:11,12
DA:12,12
DA:13,12
DA:16,1
DA:17,8
DA:19,8
DA:20,8
DA:22,8
DA:23,4
DA:24,4
DA:25,4
DA:26,4
DA:27,4
DA:30,8
DA:32,8
LF:22
LH:22
BRDA:17,1,0,4
BRDA:17,1,1,4
BRDA:22,2,0,4
BRDA:22,2,1,4
BRDA:32,3,0,4
BRDA:32,3,1,4
BRF:6
BRH:6
end_of_record
TN:
SF:/home/proxym/tomcat-8.0.32/webapps/eXameLeon/lib/babel/generation/generators/expressions.js
FN:4,(anonymous_1)
FN:8,(anonymous_2)
FN:29,UnaryExpression
FN:46,UpdateExpression
FN:56,ConditionalExpression
FN:68,NewExpression
FN:76,SequenceExpression
FN:80,ThisExpression
FN:84,CallExpression
FN:109,buildYieldAwait
FN:110,(anonymous_11)
FN:130,EmptyStatement
FN:134,ExpressionStatement
FN:139,AssignmentExpression
FN:154,MemberExpression
FNF:15
FNH:15
FNDA:1,(anonymous_1)
FNDA:2,(anonymous_2)
FNDA:564,UnaryExpression
FNDA:201,UpdateExpression
FNDA:295,ConditionalExpression
FNDA:380,NewExpression
FNDA:62,SequenceExpression
FNDA:760,ThisExpression
FNDA:5994,CallExpression
FNDA:2,buildYieldAwait
FNDA:17,(anonymous_11)
FNDA:14,EmptyStatement
FNDA:4779,ExpressionStatement
FNDA:3643,AssignmentExpression
FNDA:7227,MemberExpression
DA:4,1
DA:8,2
DA:10,1
DA:11,1
DA:12,1
DA:13,1
DA:14,1
DA:15,1
DA:16,1
DA:17,1
DA:18,1
DA:19,1
DA:20,1
DA:21,1
DA:23,1
DA:25,1
DA:27,1
DA:29,1
DA:30,564
DA:31,564
DA:33,564
DA:34,10
DA:37,564
DA:38,2
DA:41,564
DA:42,564
DA:43,564
DA:46,1
DA:47,201
DA:48,21
DA:49,21
DA:51,180
DA:52,180
DA:56,1
DA:57,295
DA:58,295
DA:59,295
DA:60,295
DA:61,295
DA:62,295
DA:63,295
DA:64,295
DA:65,295
DA:68,1
DA:69,380
DA:70,380
DA:71,380
DA:72,380
DA:73,380
DA:76,1
DA:77,62
DA:80,1
DA:81,760
DA:84,1
DA:85,5994
DA:87,5994
DA:89,5994
DA:91,5994
DA:92,39
DA:93,39
DA:94,39
DA:96,5955
DA:99,5994
DA:101,5994
DA:102,39
DA:103,39
DA:106,5994
DA:109,1
DA:110,2
DA:111,17
DA:113,17
DA:114,2
DA:117,17
DA:118,17
DA:119,17
DA:124,1
DA:125,1
DA:126,1
DA:128,1
DA:130,1
DA:131,14
DA:134,1
DA:135,4779
DA:136,4779
DA:139,1
DA:141,3643
DA:142,3643
DA:143,3643
DA:144,3643
DA:145,3643
DA:148,1
DA:149,1
DA:150,1
DA:152,1
DA:154,1
DA:155,7227
DA:156,7227
DA:158,7227
DA:159,0
DA:162,7227
DA:163,7227
DA:164,460
DA:167,7227
DA:168,1102
DA:169,1102
DA:170,1102
DA:173,6125
DA:174,3
DA:177,6125
DA:178,6125
LF:110
LH:109
BRDA:4,1,0,1
BRDA:4,1,1,0
BRDA:4,2,0,1
BRDA:4,2,1,1
BRDA:8,3,0,0
BRDA:8,3,1,2
BRDA:8,4,0,2
BRDA:8,4,1,2
BRDA:33,5,0,10
BRDA:33,5,1,554
BRDA:33,6,0,564
BRDA:33,6,1,560
BRDA:37,7,0,2
BRDA:37,7,1,562
BRDA:37,8,0,564
BRDA:37,8,1,6
BRDA:42,9,0,209
BRDA:42,9,1,355
BRDA:47,10,0,21
BRDA:47,10,1,180
BRDA:91,11,0,39
BRDA:91,11,1,5955
BRDA:101,12,0,39
BRDA:101,12,1,5955
BRDA:113,13,0,2
BRDA:113,13,1,15
BRDA:113,14,0,17
BRDA:113,14,1,16
BRDA:117,15,0,17
BRDA:117,15,1,0
BRDA:158,16,0,0
BRDA:158,16,1,7227
BRDA:158,17,0,7227
BRDA:158,17,1,6125
BRDA:163,18,0,460
BRDA:163,18,1,6767
BRDA:163,19,0,7227
BRDA:163,19,1,681
BRDA:167,20,0,1102
BRDA:167,20,1,6125
BRDA:173,21,0,3
BRDA:173,21,1,6122
BRDA:173,22,0,6125
BRDA:173,22,1,9
BRDA:173,22,2,4
BRF:45
BRH:43
end_of_record
TN:
SF:/home/proxym/tomcat-8.0.32/webapps/eXameLeon/lib/babel/generation/generators/statements.js
FN:4,(anonymous_1)
FN:8,(anonymous_2)
FN:31,WithStatement
FN:39,IfStatement
FN:55,ForStatement
FN:77,WhileStatement
FN:85,buildForXStatement
FN:86,(anonymous_8)
FN:103,DoWhileStatement
FN:113,buildLabelStatement
FN:114,(anonymous_11)
FN:135,LabeledStatement
FN:141,TryStatement
FN:162,CatchClause
FN:170,ThrowStatement
FN:176,SwitchStatement
FN:186,addNewlines
FN:194,SwitchCase
FN:209,DebuggerStatement
FN:213,VariableDeclaration
FN:241,PrivateDeclaration
FN:247,VariableDeclarator
FNF:22
FNH:22
FNDA:1,(anonymous_1)
FNDA:1,(anonymous_2)
FNDA:2,WithStatement
FNDA:1038,IfStatement
FNDA:232,ForStatement
FNDA:62,WhileStatement
FNDA:2,buildForXStatement
FNDA:120,(anonymous_8)
FNDA:4,DoWhileStatement
FNDA:3,buildLabelStatement
FNDA:1687,(anonymous_11)
FNDA:21,LabeledStatement
FNDA:126,TryStatement
FNDA:73,CatchClause
FNDA:257,ThrowStatement
FNDA:62,SwitchStatement
FNDA:402,addNewlines
FNDA:227,SwitchCase
FNDA:1,DebuggerStatement
FNDA:3425,VariableDeclaration
FNDA:4,PrivateDeclaration
FNDA:3746,VariableDeclarator
DA:4,1
DA:8,1
DA:10,1
DA:11,1
DA:12,1
DA:13,1
DA:14,1
DA:15,1
DA:16,1
DA:17,1
DA:18,1
DA:19,1
DA:20,1
DA:21,1
DA:22,1
DA:23,1
DA:24,1
DA:25,1
DA:27,1
DA:29,1
DA:31,1
DA:32,2
DA:33,2
DA:34,2
DA:35,2
DA:36,2
DA:39,1
DA:40,1038
DA:41,1038
DA:42,1038
DA:43,1038
DA:44,1038
DA:46,1038
DA:48,1038
DA:49,266
DA:50,266
DA:51,266
DA:55,1
DA:56,232
DA:57,232
DA:59,232
DA:60,232
DA:62,232
DA:63,216
DA:64,216
DA:66,232
DA:68,232
DA:69,182
DA:70,182
DA:73,232
DA:74,232
DA:77,1
DA:78,62
DA:79,62
DA:80,62
DA:81,62
DA:82,62
DA:85,1
DA:86,2
DA:87,120
DA:88,120
DA:89,120
DA:90,120
DA:91,120
DA:92,120
DA:93,120
DA:97,1
DA:98,1
DA:99,1
DA:101,1
DA:103,1
DA:104,4
DA:105,4
DA:106,4
DA:107,4
DA:108,4
DA:109,4
DA:110,4
DA:113,1
DA:114,3
DA:115,1687
DA:117,1687
DA:118,1687
DA:119,1574
DA:120,1574
DA:123,1687
DA:127,1
DA:128,1
DA:129,1
DA:130,1
DA:131,1
DA:133,1
DA:135,1
DA:136,21
DA:137,21
DA:138,21
DA:141,1
DA:142,126
DA:143,126
DA:144,126
DA:149,126
DA:150,0
DA:152,126
DA:155,126
DA:156,109
DA:157,109
DA:158,109
DA:162,1
DA:163,73
DA:164,73
DA:165,73
DA:166,73
DA:167,73
DA:170,1
DA:171,257
DA:172,257
DA:173,257
DA:176,1
DA:177,62
DA:178,62
DA:179,62
DA:180,62
DA:181,62
DA:182,62
DA:184,62
DA:187,402
DA:191,62
DA:194,1
DA:195,227
DA:196,218
DA:197,218
DA:198,218
DA:200,9
DA:203,227
DA:204,172
DA:205,172
DA:209,1
DA:210,1
DA:213,1
DA:214,3425
DA:216,3425
DA:218,3425
DA:219,3082
DA:220,3200
DA:222,2895
DA:227,3425
DA:228,3425
DA:229,2875
DA:231,550
DA:234,3425
DA:236,3425
DA:237,3082
DA:241,1
DA:242,4
DA:243,4
DA:244,4
DA:247,1
DA:248,3746
DA:249,3746
DA:250,3746
DA:251,3244
DA:252,3244
DA:253,3244
DA:254,3244
LF:164
LH:163
BRDA:4,1,0,1
BRDA:4,1,1,0
BRDA:4,2,0,1
BRDA:4,2,1,1
BRDA:8,3,0,0
BRDA:8,3,1,1
BRDA:8,4,0,1
BRDA:8,4,1,1
BRDA:48,5,0,266
BRDA:48,5,1,772
BRDA:49,6,0,266
BRDA:49,6,1,0
BRDA:62,7,0,216
BRDA:62,7,1,16
BRDA:68,8,0,182
BRDA:68,8,1,50
BRDA:117,9,0,1687
BRDA:117,9,1,122
BRDA:118,10,0,1574
BRDA:118,10,1,113
BRDA:149,11,0,0
BRDA:149,11,1,126
BRDA:155,12,0,109
BRDA:155,12,1,17
BRDA:187,13,0,49
BRDA:187,13,1,353
BRDA:187,14,0,402
BRDA:187,14,1,201
BRDA:195,15,0,218
BRDA:195,15,1,9
BRDA:203,16,0,172
BRDA:203,16,1,55
BRDA:218,17,0,3082
BRDA:218,17,1,343
BRDA:220,18,0,2895
BRDA:220,18,1,305
BRDA:228,19,0,2875
BRDA:228,19,1,550
BRDA:228,20,0,3425
BRDA:228,20,1,3425
BRDA:236,21,0,3082
BRDA:236,21,1,343
BRDA:250,22,0,3244
BRDA:250,22,1,502
BRF:44
BRH:42
end_of_record
TN:
SF:/home/proxym/tomcat-8.0.32/webapps/eXameLeon/lib/babel/generation/generators/playground.js
FN:4,(anonymous_1)
FN:8,(anonymous_2)
FN:9,(anonymous_3)
FNF:3
FNH:2
FNDA:1,(anonymous_1)
FNDA:2,(anonymous_2)
FNDA:0,(anonymous_3)
DA:4,1
DA:6,1
DA:8,1
DA:9,2
DA:10,0
LF:5
LH:4
BRDA:4,1,0,0
BRDA:4,1,1,1
BRDA:4,2,0,1
BRDA:4,2,1,1
BRF:4
BRH:4
end_of_record
TN:
SF:/home/proxym/tomcat-8.0.32/webapps/eXameLeon/lib/babel/generation/generators/classes.js
FN:8,ClassDeclaration
FN:35,ClassBody
FN:50,MethodDefinition
FNF:3
FNH:3
FNDA:61,ClassDeclaration
FNDA:61,ClassBody
FNDA:55,MethodDefinition
DA:3,1
DA:4,1
DA:5,1
DA:6,1
DA:8,1
DA:9,61
DA:11,61
DA:12,59
DA:13,59
DA:16,61
DA:18,61
DA:19,16
DA:20,16
DA:21,16
DA:24,61
DA:25,5
DA:26,5
DA:29,61
DA:30,61
DA:33,1
DA:35,1
DA:36,61
DA:37,36
DA:39,25
DA:40,25
DA:42,25
DA:43,25
DA:44,25
DA:46,25
DA:50,1
DA:51,55
DA:52,21
DA:55,55
LF:33
LH:33
BRDA:11,1,0,59
BRDA:11,1,1,2
BRDA:18,2,0,16
BRDA:18,2,1,45
BRDA:24,3,0,5
BRDA:24,3,1,56
BRDA:36,4,0,36
BRDA:36,4,1,25
BRDA:51,5,0,21
BRDA:51,5,1,34
BRF:10
BRH:10
end_of_record
TN:
SF:/home/proxym/tomcat-8.0.32/webapps/eXameLeon/lib/babel/generation/generators/methods.js
FN:4,(anonymous_1)
FN:14,_params
FN:20,(anonymous_3)
FN:32,_method
FN:60,FunctionExpression
FN:79,ArrowFunctionExpression
FNF:6
FNH:6
FNDA:1,(anonymous_1)
FNDA:2303,_params
FNDA:1851,(anonymous_3)
FNDA:80,_method
FNDA:2214,FunctionExpression
FNDA:18,ArrowFunctionExpression
DA:4,1
DA:6,1
DA:7,1
DA:8,1
DA:9,1
DA:10,1
DA:12,1
DA:14,1
DA:15,2303
DA:17,2303
DA:18,2303
DA:19,2303
DA:21,1851
DA:22,1851
DA:25,2303
DA:27,2303
DA:28,16
DA:32,1
DA:33,80
DA:34,80
DA:35,80
DA:37,80
DA:38,43
DA:39,13
DA:42,37
DA:45,80
DA:47,80
DA:48,23
DA:49,23
DA:50,23
DA:52,57
DA:55,80
DA:56,80
DA:57,80
DA:60,1
DA:61,2214
DA:62,2214
DA:63,2214
DA:65,2214
DA:66,949
DA:67,949
DA:69,1265
DA:72,2214
DA:73,2214
DA:74,2214
DA:77,1
DA:79,1
DA:80,18
DA:82,18
DA:83,9
DA:85,9
DA:88,18
DA:89,18
LF:53
LH:53
BRDA:4,1,0,1
BRDA:4,1,1,0
BRDA:4,2,0,1
BRDA:4,2,1,1
BRDA:21,3,0,1
BRDA:21,3,1,1850
BRDA:27,4,0,16
BRDA:27,4,1,2287
BRDA:37,5,0,43
BRDA:37,5,1,37
BRDA:37,6,0,80
BRDA:37,6,1,51
BRDA:38,7,0,13
BRDA:38,7,1,30
BRDA:45,8,0,5
BRDA:45,8,1,75
BRDA:47,9,0,23
[...]
FN:4,(anonymous_1)
FN:8,(anonymous_2)
FN:28,coreHas
FN:35,enter
FN:88,manipulateOptions
FN:92,Program
FN:96,pre
FN:97,(anonymous_8)
FN:101,(anonymous_9)
FN:105,(anonymous_10)
FN:110,Identifier
FNF:11
FNH:11
FNDA:2,(anonymous_1)
FNDA:3,(anonymous_2)
FNDA:28,coreHas
FNDA:364,enter
FNDA:10,manipulateOptions
FNDA:10,Program
FNDA:10,pre
FNDA:6,(anonymous_8)
FNDA:5,(anonymous_9)
FNDA:2,(anonymous_10)
FNDA:133,Identifier
DA:4,2
DA:8,3
DA:10,1
DA:11,1
DA:12,1
DA:13,1
DA:14,1
DA:16,1
DA:18,1
DA:20,1
DA:22,1
DA:24,1
DA:26,1
DA:28,1
DA:29,28
DA:32,1
DA:34,1
DA:36,364
DA:38,364
DA:40,32
DA:41,32
DA:43,32
DA:45,32
DA:46,0
DA:47,0
DA:49,332
DA:51,5
DA:52,327
DA:55,21
DA:56,21
DA:58,10
DA:59,8
DA:61,4
DA:62,4
DA:64,2
DA:68,306
DA:71,4
DA:73,1
DA:74,1
DA:76,1
DA:84,1
DA:86,1
DA:88,1
DA:89,10
DA:92,1
DA:93,10
DA:96,1
DA:97,10
DA:98,6
DA:101,10
DA:102,5
DA:105,10
DA:106,2
DA:110,1
DA:111,133
DA:112,4
LF:56
LH:54
BRDA:4,1,0,2
BRDA:4,1,1,0
BRDA:4,2,0,2
BRDA:4,2,1,2
BRDA:8,3,0,0
BRDA:8,3,1,3
BRDA:8,4,0,3
BRDA:8,4,1,3
BRDA:29,5,0,28
BRDA:29,5,1,28
BRDA:38,6,0,32
BRDA:38,6,1,332
BRDA:38,7,0,364
BRDA:38,7,1,32
BRDA:43,8,0,0
BRDA:43,8,1,32
BRDA:45,9,0,0
BRDA:45,9,1,32
BRDA:45,10,0,32
BRDA:45,10,1,28
BRDA:45,10,2,1
BRDA:45,10,3,0
BRDA:49,11,0,5
BRDA:49,11,1,327
BRDA:49,12,0,332
BRDA:49,12,1,72
BRDA:49,12,2,40
BRDA:49,12,3,5
BRDA:52,13,0,21
BRDA:52,13,1,306
BRDA:56,14,0,11
BRDA:56,14,1,10
BRDA:58,15,0,2
BRDA:58,15,1,8
BRDA:59,16,0,4
BRDA:59,16,1,4
BRDA:62,17,0,2
BRDA:62,17,1,2
BRDA:68,18,0,4
BRDA:68,18,1,302
BRDA:71,19,0,3
BRDA:71,19,1,1
BRDA:74,20,0,0
BRDA:74,20,1,1
BRDA:89,21,0,0
BRDA:89,21,1,10
BRDA:111,22,0,4
BRDA:111,22,1,129
BRF:48
BRH:43
end_of_record
TN:
SF:/home/proxym/tomcat-8.0.32/webapps/eXameLeon/lib/babel/transformation/transformers/es6/modules.js
FN:4,(anonymous_1)
FN:14,ImportDeclaration
FN:36,ExportDeclaration
FNF:3
FNH:3
FNDA:1,(anonymous_1)
FNDA:135,ImportDeclaration
FNDA:183,ExportDeclaration
DA:4,1
DA:6,1
DA:7,1
DA:8,1
DA:10,1
DA:12,1
DA:14,1
DA:16,135
DA:18,135
DA:20,135
DA:21,105
DA:22,122
DA:25,30
DA:28,135
DA:30,80
DA:33,135
DA:36,1
DA:38,183
DA:40,183
DA:41,183
DA:43,183
DA:46,52
DA:47,5
DA:48,5
DA:51,52
DA:52,131
DA:53,131
DA:54,155
DA:58,181
DA:59,19
DA:60,16
DA:64,181
LF:32
LH:32
BRDA:4,1,0,1
BRDA:4,1,1,0
BRDA:4,2,0,1
BRDA:4,2,1,1
BRDA:16,3,0,0
BRDA:16,3,1,135
BRDA:20,4,0,105
BRDA:20,4,1,30
BRDA:28,5,0,80
BRDA:28,5,1,55
BRDA:38,6,0,0
BRDA:38,6,1,183
BRDA:43,7,0,52
BRDA:43,7,1,131
BRDA:46,8,0,5
BRDA:46,8,1,47
BRDA:48,9,0,5
BRDA:48,9,1,0
BRDA:52,10,0,131
BRDA:52,10,1,0
BRDA:58,11,0,19
BRDA:58,11,1,162
BRF:22
BRH:18
end_of_record
TN:
SF:/home/proxym/tomcat-8.0.32/webapps/eXameLeon/lib/babel/transformation/transformers/internal/block-hoist.js
FN:4,(anonymous_1)
FN:22,exit
FN:30,(anonymous_3)
FNF:3
FNH:3
FNDA:3,(anonymous_1)
FNDA:2943,exit
FNDA:997,(anonymous_3)
DA:4,3
DA:6,1
DA:8,1
DA:10,1
DA:12,1
DA:21,1
DA:23,2943
DA:24,2943
DA:25,7468
DA:26,7468
DA:28,2943
DA:30,183
DA:31,997
DA:32,997
DA:33,997
DA:34,997
DA:37,183
DA:41,1
DA:42,1
LF:19
LH:19
BRDA:4,1,0,0
BRDA:4,1,1,3
BRDA:4,2,0,3
BRDA:4,2,1,3
BRDA:26,3,0,279
BRDA:26,3,1,7189
BRDA:26,4,0,7468
BRDA:26,4,1,7468
BRDA:28,5,0,2760
BRDA:28,5,1,183
BRDA:32,6,0,718
BRDA:32,6,1,279
BRDA:33,7,0,2
BRDA:33,7,1,995
BRF:14
BRH:14
end_of_record
TN:
SF:/home/proxym/tomcat-8.0.32/webapps/eXameLeon/lib/babel/transformation/transformers/spec/proto-to-assign.js
FN:4,(anonymous_1)
FN:8,(anonymous_2)
FN:19,isProtoKey
FN:23,isProtoAssignmentExpression
FN:28,buildDefaultsCallExpression
FN:38,AssignmentExpression
FN:52,ExpressionStatement
FN:61,ObjectExpression
FNF:8
FNH:8
FNDA:1,(anonymous_1)
FNDA:1,(anonymous_2)
FNDA:13,isProtoKey
FNDA:15,isProtoAssignmentExpression
FNDA:5,buildDefaultsCallExpression
FNDA:11,AssignmentExpression
FNDA:23,ExpressionStatement
FNDA:15,ObjectExpression
DA:4,1
DA:8,1
DA:10,1
DA:11,1
DA:12,1
DA:13,1
DA:15,1
DA:17,1
DA:19,1
DA:20,13
DA:23,1
DA:24,15
DA:25,15
DA:28,1
DA:29,5
DA:32,1
DA:33,1
DA:34,1
DA:36,1
DA:38,1
DA:39,11
DA:41,3
DA:42,3
DA:43,3
DA:45,3
DA:46,3
DA:47,3
DA:49,3
DA:52,1
DA:53,23
DA:54,23
DA:56,4
DA:57,2
DA:61,1
DA:62,15
DA:64,15
DA:65,13
DA:67,13
DA:68,3
DA:69,3
DA:73,15
DA:74,3
DA:75,3
DA:76,3
LF:44
LH:44
BRDA:4,1,0,0
BRDA:4,1,1,1
BRDA:4,2,0,1
BRDA:4,2,1,1
BRDA:8,3,0,1
BRDA:8,3,1,0
BRDA:8,4,0,1
BRDA:8,4,1,1
BRDA:25,5,0,15
BRDA:25,5,1,9
BRDA:39,6,0,8
BRDA:39,6,1,3
BRDA:47,7,0,3
BRDA:47,7,1,0
BRDA:54,8,0,19
BRDA:54,8,1,4
BRDA:56,9,0,2
BRDA:56,9,1,2
BRDA:67,10,0,3
BRDA:67,10,1,10
BRDA:73,11,0,3
BRDA:73,11,1,12
BRDA:75,12,0,2
BRDA:75,12,1,1
BRF:24
BRH:23
end_of_record
TN:
SF:/home/proxym/tomcat-8.0.32/webapps/eXameLeon/lib/babel/transformation/transformers/internal/declarations.js
FN:4,(anonymous_1)
FN:17,BlockStatement
FN:20,(anonymous_3)
FNF:3
FNH:3
FNDA:2,(anonymous_1)
FNDA:8393,BlockStatement
FNDA:306,(anonymous_3)
DA:4,2
DA:6,1
DA:7,1
DA:9,1
DA:11,1
DA:13,1
DA:15,1
DA:17,1
DA:18,8393
DA:20,306
DA:21,306
DA:22,306
DA:24,306
DA:25,515
DA:27,515
DA:28,515
DA:30,515
DA:31,445
DA:33,70
DA:34,70
DA:35,70
DA:37,70
DA:41,306
DA:42,36
DA:45,306
DA:49,1
LF:26
LH:26
BRDA:4,1,0,2
BRDA:4,1,1,0
BRDA:4,2,0,2
BRDA:4,2,1,2
BRDA:18,3,0,8087
BRDA:18,3,1,306
BRDA:27,4,0,515
BRDA:27,4,1,0
BRDA:30,5,0,445
BRDA:30,5,1,70
BRDA:35,6,0,36
BRDA:35,6,1,34
BRF:12
BRH:11
end_of_record
TN:
SF:/home/proxym/tomcat-8.0.32/webapps/eXameLeon/lib/babel/transformation/helpers/strict.js
FN:4,(anonymous_1)
FN:12,has
FN:17,wrap
FNF:3
FNH:3
FNDA:1,(anonymous_1)
FNDA:1038,has
FNDA:1038,wrap
DA:4,1
DA:6,1
DA:7,1
DA:8,1
DA:10,1
DA:12,1
DA:13,1038
DA:14,1038
DA:17,1
DA:18,1038
DA:19,1038
DA:20,425
DA:23,1038
DA:25,1038
DA:26,425
LF:15
LH:15
BRDA:4,1,0,1
BRDA:4,1,1,0
BRDA:4,2,0,1
BRDA:4,2,1,1
BRDA:14,3,0,1038
BRDA:14,3,1,501
BRDA:19,4,0,425
BRDA:19,4,1,613
BRDA:25,5,0,425
BRDA:25,5,1,613
BRF:10
BRH:10
end_of_record
TN:
SF:/home/proxym/tomcat-8.0.32/webapps/eXameLeon/lib/babel/transformation/transformers/internal/alias-functions.js
FN:4,(anonymous_1)
FN:13,enter
FN:35,enter
FN:52,go
FN:57,getArgumentsId
FN:61,getThisId
FN:72,pushDeclaration
FN:87,Program
FN:88,(anonymous_9)
FN:95,FunctionDeclaration
FN:96,(anonymous_11)
FNF:11
FNH:11
FNDA:1,(anonymous_1)
FNDA:8476,enter
FNDA:75503,enter
FNDA:2693,go
FNDA:19,getArgumentsId
FNDA:33,getThisId
FNDA:38,pushDeclaration
FNDA:732,Program
FNDA:4,(anonymous_9)
FNDA:1961,FunctionDeclaration
FNDA:31,(anonymous_11)
DA:4,1
DA:6,1
DA:7,1
DA:8,1
DA:10,1
DA:12,1
DA:14,8476
DA:15,44
DA:18,8432
DA:20,8397
DA:22,8397
DA:23,22
DA:24,8375
DA:25,33
DA:27,8342
DA:30,55
DA:34,1
DA:36,75503
DA:37,75231
DA:39,1692
DA:41,73539
DA:46,272
DA:48,272
DA:52,1
DA:53,2693
DA:54,2693
DA:56,2693
DA:58,19
DA:62,33
DA:68,2693
DA:70,2693
DA:72,2693
DA:73,38
DA:75,38
DA:78,2693
DA:79,14
DA:82,2693
DA:83,24
DA:87,1
DA:88,732
DA:89,4
DA:95,1
DA:96,1961
DA:97,31
DA:98,31
DA:102,1
LF:46
LH:46
BRDA:4,1,0,1
BRDA:4,1,1,0
BRDA:4,2,0,1
BRDA:4,2,1,1
BRDA:14,3,0,44
BRDA:14,3,1,8432
BRDA:14,4,0,8476
BRDA:14,4,1,97
BRDA:18,5,0,35
BRDA:18,5,1,8397
BRDA:22,6,0,22
BRDA:22,6,1,8375
BRDA:22,7,0,8397
BRDA:22,7,1,2841
BRDA:24,8,0,33
BRDA:24,8,1,8342
BRDA:30,9,0,52
BRDA:30,9,1,3
BRDA:36,10,0,75231
BRDA:36,10,1,272
BRDA:37,11,0,1692
BRDA:37,11,1,73539
BRDA:58,12,0,19
BRDA:58,12,1,14
BRDA:62,13,0,33
BRDA:62,13,1,24
BRDA:73,14,0,35
BRDA:73,14,1,3
BRDA:78,15,0,14
BRDA:78,15,1,2679
BRDA:82,16,0,24
BRDA:82,16,1,2669
BRF:32
BRH:32
end_of_record
TN:
SF:/home/proxym/tomcat-8.0.32/webapps/eXameLeon/lib/babel/transformation/transformers/es6/symbols.js
FN:4,(anonymous_1)
FN:15,UnaryExpression
FNF:2
FNH:2
FNDA:1,(anonymous_1)
FNDA:266,UnaryExpression
DA:4,1
DA:6,1
DA:7,1
DA:9,1
DA:11,1
DA:13,1
DA:15,1
DA:16,266
DA:18,266
DA:19,75
DA:20,75
DA:21,70
DA:22,70
DA:24,5
LF:14
LH:14
BRDA:4,1,0,1
BRDA:4,1,1,0
BRDA:4,2,0,1
BRDA:4,2,1,1
BRDA:18,3,0,75
BRDA:18,3,1,191
BRDA:20,4,0,70
BRDA:20,4,1,5
BRF:8
BRH:8
end_of_record
TN:
SF:/home/proxym/tomcat-8.0.32/webapps/eXameLeon/lib/babel/transformation/transformers/spec/undefined-to-void.js
FN:4,(anonymous_1)
FN:15,Identifier
FNF:2
FNH:2
FNDA:1,(anonymous_1)
FNDA:7,Identifier
DA:4,1
DA:6,1
DA:7,1
DA:9,1
DA:11,1
DA:13,1
DA:15,1
DA:16,7
DA:17,2
LF:9
LH:9
BRDA:4,1,0,1
BRDA:4,1,1,0
BRDA:4,2,0,1
BRDA:4,2,1,1
BRDA:16,3,0,2
BRDA:16,3,1,5
BRDA:16,4,0,7
BRDA:16,4,1,2
BRF:8
BRH:8
end_of_record
TN:
SF:/home/proxym/tomcat-8.0.32/webapps/eXameLeon/lib/babel/transformation/transformers/internal/strict.js
FN:4,(anonymous_1)
FN:11,Program
FNF:2
FNH:2
FNDA:1,(anonymous_1)
FNDA:732,Program
DA:4,1
DA:6,1
DA:7,1
DA:9,1
DA:11,1
DA:12,732
DA:13,419
DA:15,419
DA:16,417
DA:17,417
DA:18,417
DA:19,404
DA:20,404
DA:24,419
LF:14
LH:14
BRDA:4,1,0,1
BRDA:4,1,1,0
BRDA:4,2,0,1
BRDA:4,2,1,1
BRDA:12,3,0,419
BRDA:12,3,1,313
BRDA:15,4,0,417
BRDA:15,4,1,2
BRDA:18,5,0,404
BRDA:18,5,1,13
BRF:10
BRH:10
end_of_record
TN:
SF:/home/proxym/tomcat-8.0.32/webapps/eXameLeon/lib/babel/transformation/transformers/internal/module-formatter.js
FN:4,(anonymous_1)
FN:11,Program
FN:12,(anonymous_3)
FNF:3
FNH:3
FNDA:1,(anonymous_1)
FNDA:732,Program
FNDA:732,(anonymous_3)
DA:4,1
DA:6,1
DA:7,1
DA:9,1
DA:11,1
DA:12,732
DA:13,732
DA:16,732
DA:18,718
DA:19,45
LF:10
LH:10
BRDA:4,1,0,1
BRDA:4,1,1,0
BRDA:4,2,0,1
BRDA:4,2,1,1
BRDA:16,3,0,14
BRDA:16,3,1,718
BRDA:18,4,0,45
BRDA:18,4,1,673
BRF:8
BRH:8
end_of_record
TN:
SF:/home/proxym/tomcat-8.0.32/webapps/eXameLeon/lib/babel/transformation/transformers/es3/property-literals.js
FN:4,(anonymous_1)
FN:11,Property
FNF:2
FNH:2
FNDA:1,(anonymous_1)
FNDA:1434,Property
DA:4,1
DA:6,1
DA:7,1
DA:9,1
DA:11,1
DA:12,1434
DA:13,1434
DA:15,5
DA:16,5
DA:17,1429
DA:19,20
LF:11
LH:11
BRDA:4,1,0,1
BRDA:4,1,1,0
BRDA:4,2,0,1
BRDA:4,2,1,1
BRDA:13,3,0,5
BRDA:13,3,1,1429
BRDA:13,4,0,1434
BRDA:13,4,1,23
BRDA:17,5,0,20
BRDA:17,5,1,1409
BRDA:17,6,0,1429
BRDA:17,6,1,1429
BRDA:17,6,2,1411
BRF:13
BRH:13
end_of_record
TN:
SF:/home/proxym/tomcat-8.0.32/webapps/eXameLeon/lib/babel/transformation/transformers/es3/member-expression-literals.js
FN:4,(anonymous_1)
FN:11,MemberExpression
FNF:2
FNH:2
FNDA:1,(anonymous_1)
FNDA:6899,MemberExpression
DA:4,1
DA:6,1
DA:7,1
DA:9,1
DA:11,1
DA:12,6899
DA:13,6899
DA:15,35
DA:16,35
DA:17,6864
DA:19,85
DA:20,85
LF:12
LH:12
BRDA:4,1,0,1
BRDA:4,1,1,0
BRDA:4,2,0,1
BRDA:4,2,1,1
BRDA:13,3,0,35
BRDA:13,3,1,6864
BRDA:13,4,0,6899
BRDA:13,4,1,1010
BRDA:13,4,2,623
BRDA:17,5,0,85
BRDA:17,5,1,6779
BRDA:17,6,0,6864
BRDA:17,6,1,5889
BRDA:17,6,2,5889
BRF:14
BRH:14
end_of_record
TN:
SF:/home/proxym/tomcat-8.0.32/webapps/eXameLeon/lib/babel/transformation/transformers/utility/remove-debugger.js
FN:4,(anonymous_1)
FN:15,ExpressionStatement
FNF:2
FNH:1
FNDA:1,(anonymous_1)
FNDA:0,ExpressionStatement
DA:4,1
DA:6,1
DA:7,1
DA:9,1
DA:11,1
DA:13,1
DA:15,1
DA:16,0
DA:17,0
LF:9
LH:7
BRDA:4,1,0,1
BRDA:4,1,1,0
BRDA:4,2,0,1
BRDA:4,2,1,1
BRDA:16,3,0,0
BRDA:16,3,1,0
BRF:6
BRH:4
end_of_record
TN:
SF:/home/proxym/tomcat-8.0.32/webapps/eXameLeon/lib/babel/transformation/transformers/utility/remove-console.js
FN:4,(anonymous_1)
FN:17,CallExpression
FNF:2
FNH:2
FNDA:1,(anonymous_1)
FNDA:8,CallExpression
DA:4,1
DA:6,1
DA:7,1
DA:9,1
DA:11,1
DA:13,1
DA:15,1
DA:17,1
DA:18,8
DA:19,4
DA:20,2
DA:22,2
LF:12
LH:12
BRDA:4,1,0,1
BRDA:4,1,1,0
BRDA:4,2,0,1
BRDA:4,2,1,1
BRDA:18,3,0,4
BRDA:18,3,1,4
BRDA:19,4,0,2
BRDA:19,4,1,2
BRF:8
BRH:8
end_of_record
TN:
SF:/home/proxym/tomcat-8.0.32/webapps/eXameLeon/lib/babel/transformation/transformers/utility/inline-environment-variables.js
FN:4,(anonymous_1)
FN:16,MemberExpression
FNF:2
FNH:1
FNDA:1,(anonymous_1)
FNDA:0,MemberExpression
DA:4,1
DA:6,1
DA:7,1
DA:9,1
DA:11,1
DA:13,1
DA:14,1
DA:16,1
DA:17,0
DA:18,0
DA:19,0
DA:20,0
LF:12
LH:8
BRDA:4,1,0,1
BRDA:4,1,1,0
BRDA:4,2,0,1
BRDA:4,2,1,1
BRDA:17,3,0,0
BRDA:17,3,1,0
BRDA:19,4,0,0
BRDA:19,4,1,0
BRF:8
BRH:4
end_of_record
TN:
SF:/home/proxym/tomcat-8.0.32/webapps/eXameLeon/lib/babel/transformation/transformers/utility/inline-expressions.js
FN:4,(anonymous_1)
FN:16,Expression
FN:21,Identifier
FNF:3
FNH:1
FNDA:1,(anonymous_1)
FNDA:0,Expression
FNDA:0,Identifier
DA:4,1
DA:6,1
DA:7,1
DA:8,1
DA:10,1
DA:12,1
DA:14,1
DA:16,1
DA:17,0
DA:18,0
DA:21,1
LF:11
LH:9
BRDA:4,1,0,1
BRDA:4,1,1,0
BRDA:4,2,0,1
BRDA:4,2,1,1
BRDA:18,3,0,0
BRDA:18,3,1,0
BRF:6
BRH:4
end_of_record
TN:
SF:/home/proxym/tomcat-8.0.32/webapps/eXameLeon/lib/babel/transformation/transformers/utility/dead-code-elimination.js
FN:4,(anonymous_1)
FN:11,toStatements
FN:32,ConditionalExpression
FN:42,exit
FNF:4
FNH:1
FNDA:1,(anonymous_1)
FNDA:0,toStatements
FNDA:0,ConditionalExpression
FNDA:0,exit
DA:4,1
DA:6,1
DA:7,1
DA:9,1
DA:11,1
DA:12,0
DA:13,0
DA:15,0
DA:16,0
DA:17,0
DA:20,0
DA:21,0
DA:25,0
DA:28,1
DA:30,1
DA:32,1
DA:33,0
DA:34,0
DA:35,0
DA:36,0
DA:37,0
DA:41,1
DA:43,0
DA:44,0
DA:45,0
DA:47,0
DA:56,0
DA:57,0
DA:67,0
DA:68,0
DA:69,0
DA:71,0
DA:80,0
DA:81,0
DA:90,0
DA:91,0
DA:92,0
DA:93,0
DA:97,1
LF:39
LH:10
BRDA:4,1,0,1
BRDA:4,1,1,0
BRDA:4,2,0,1
BRDA:4,2,1,1
BRDA:12,3,0,0
BRDA:12,3,1,0
BRDA:17,4,0,0
BRDA:17,4,1,0
BRDA:20,5,0,0
BRDA:20,5,1,0
BRDA:34,6,0,0
BRDA:34,6,1,0
BRDA:36,7,0,0
BRDA:36,7,1,0
BRDA:56,8,0,0
BRDA:56,8,1,0
BRDA:67,9,0,0
BRDA:67,9,1,0
BRDA:68,10,0,0
BRDA:68,10,1,0
BRDA:80,11,0,0
BRDA:80,11,1,0
BRDA:80,12,0,0
BRDA:80,12,1,0
BRDA:90,13,0,0
BRDA:90,13,1,0
BRDA:90,14,0,0
BRDA:90,14,1,0
BRDA:90,14,2,0
BRDA:90,14,3,0
BRF:30
BRH:4
end_of_record
TN:
SF:/home/proxym/tomcat-8.0.32/webapps/eXameLeon/lib/babel/transformation/transformers/internal/cleanup.js
FN:5,exit
FN:16,exit
FN:23,exit
FNF:3
FNH:3
FNDA:58,exit
FNDA:4497,exit
FNDA:1749,exit
DA:3,1
DA:4,1
DA:6,58
DA:7,1
DA:8,57
DA:9,0
DA:14,1
DA:15,1
DA:17,4497
DA:21,1
DA:22,1
DA:24,1749
DA:25,1749
DA:27,1749
DA:28,0
DA:29,1749
DA:30,0
DA:31,1749
DA:32,2
DA:36,1
LF:20
LH:17
BRDA:6,1,0,1
BRDA:6,1,1,57
BRDA:8,2,0,0
BRDA:8,2,1,57
BRDA:17,3,0,0
BRDA:17,3,1,4497
BRDA:27,4,0,0
BRDA:27,4,1,1749
BRDA:27,5,0,1749
BRDA:27,5,1,0
BRDA:29,6,0,0
BRDA:29,6,1,1749
BRDA:31,7,0,2
BRDA:31,7,1,1747
BRF:14
BRH:9
end_of_record
TN:
SF:/home/proxym/tomcat-8.0.32/webapps/eXameLeon/lib/babel/tools/build-external-helpers.js
FN:4,(anonymous_1)
FN:8,(anonymous_2)
FN:22,buildGlobal
FN:34,buildUmd
FN:51,buildVar
FN:58,buildHelpers
FN:61,(anonymous_7)
FN:69,(anonymous_8)
FN:74,builder
FNF:9
FNH:7
FNDA:3,(anonymous_1)
FNDA:3,(anonymous_2)
FNDA:3,buildGlobal
FNDA:0,buildUmd
FNDA:0,buildVar
FNDA:3,buildHelpers
FNDA:81,(anonymous_7)
FNDA:3,(anonymous_8)
FNDA:3,builder
DA:4,3
DA:8,3
DA:10,1
DA:12,1
DA:14,1
DA:16,1
DA:18,1
DA:20,1
DA:22,1
DA:23,3
DA:24,3
DA:25,3
DA:27,3
DA:29,3
DA:31,3
DA:34,1
DA:35,0
DA:36,0
DA:38,0
DA:40,0
DA:48,0
DA:51,1
DA:52,0
DA:53,0
DA:54,0
DA:55,0
DA:58,1
DA:59,3
DA:61,3
DA:62,81
DA:64,55
DA:65,55
DA:69,1
DA:70,3
DA:72,3
DA:74,3
DA:75,3
DA:78,3
DA:80,3
DA:86,3
DA:87,3
DA:89,0
DA:92,3
LF:43
LH:33
BRDA:4,1,0,3
BRDA:4,1,1,0
BRDA:4,2,0,3
BRDA:4,2,1,3
BRDA:8,3,0,0
BRDA:8,3,1,3
BRDA:8,4,0,3
BRDA:8,4,1,3
BRDA:59,5,0,2
BRDA:59,5,1,1
BRDA:62,6,0,26
BRDA:62,6,1,55
BRDA:62,7,0,81
BRDA:62,7,1,27
BRDA:70,8,0,3
BRDA:70,8,1,0
BRDA:86,9,0,3
BRDA:86,9,1,0
BRF:18
BRH:16
end_of_record
TN:
SF:/home/proxym/tomcat-8.0.32/webapps/eXameLeon/lib/babel/polyfill.js
FNF:0
FNH:0
DA:3,1
DA:4,0
DA:6,1
DA:8,1
DA:10,1
LF:5
LH:4
BRDA:3,1,0,0
BRDA:3,1,1,1
BRF:2
BRH:1
end_of_record
TN:
SF:/home/proxym/tomcat-8.0.32/webapps/eXameLeon/lib/babel/api/register/node.js
FN:4,(anonymous_1)
FN:8,(anonymous_2)
FN:30,retrieveSourceMap
FN:56,mtime
FN:60,compile
FN:92,shouldIgnore
FN:104,(anonymous_7)
FN:116,istanbulLoader
FN:121,normalLoader
FN:125,registerExtension
FN:131,(anonymous_11)
FN:140,hookExtensions
FN:141,(anonymous_13)
FN:151,(anonymous_14)
FN:159,(anonymous_15)
FNF:15
FNH:13
FNDA:3,(anonymous_1)
FNDA:5,(anonymous_2)
FNDA:1936,retrieveSourceMap
FNDA:64,mtime
FNDA:32,compile
FNDA:16,shouldIgnore
FNDA:64,(anonymous_7)
FNDA:16,istanbulLoader
FNDA:0,normalLoader
FNDA:4,registerExtension
FNDA:16,(anonymous_11)
FNDA:1,hookExtensions
FNDA:0,(anonymous_13)
FNDA:4,(anonymous_14)
FNDA:754,(anonymous_15)
DA:4,3
DA:8,5
DA:10,1
DA:12,1
DA:14,1
DA:16,1
DA:18,1
DA:20,1
DA:22,1
DA:24,1
DA:26,1
DA:28,1
DA:31,1936
DA:32,1936
DA:33,0
DA:38,1936
DA:45,1
DA:46,1
DA:50,1
DA:51,1
DA:52,1
DA:53,1
DA:54,1
DA:56,1
DA:57,64
DA:60,1
DA:61,32
DA:63,32
DA:64,32
DA:66,32
DA:68,32
DA:69,32
DA:70,32
DA:71,32
DA:75,32
DA:76,0
DA:82,32
DA:83,32
DA:84,32
DA:87,32
DA:89,32
DA:92,1
DA:93,16
DA:96,1
DA:98,1
DA:102,1
DA:104,1
DA:105,64
DA:106,32
DA:107,32
DA:108,32
DA:109,32
DA:111,32
DA:116,1
DA:117,16
DA:118,16
DA:121,1
DA:122,0
DA:125,1
DA:126,4
DA:128,4
DA:129,4
DA:131,4
DA:132,16
DA:133,0
DA:135,16
DA:140,1
DA:141,1
DA:142,0
DA:143,0
DA:145,0
DA:149,1
DA:151,1
DA:152,4
DA:153,4
DA:157,1
DA:159,1
DA:160,754
DA:162,754
DA:163,754
DA:165,754
DA:167,754
DA:169,754
DA:170,754
DA:171,754
DA:172,754
DA:174,754
DA:179,1
DA:180,1
DA:181,0
DA:182,0
DA:183,0
DA:186,1
LF:93
LH:83
BRDA:4,1,0,3
BRDA:4,1,1,0
BRDA:4,2,0,3
BRDA:4,2,1,3
BRDA:8,3,0,0
BRDA:8,3,1,5
BRDA:8,4,0,5
BRDA:8,4,1,5
BRDA:31,5,0,1936
BRDA:31,5,1,1936
BRDA:32,6,0,0
BRDA:32,6,1,1936
BRDA:68,7,0,32
BRDA:68,7,1,0
BRDA:70,8,0,32
BRDA:70,8,1,0
BRDA:70,9,0,32
BRDA:70,9,1,32
BRDA:75,10,0,0
BRDA:75,10,1,32
BRDA:82,11,0,32
BRDA:82,11,1,0
BRDA:93,12,0,16
BRDA:93,12,1,16
BRDA:93,12,2,16
BRDA:93,12,3,0
BRDA:98,13,0,1
BRDA:98,13,1,0
BRDA:105,14,0,32
BRDA:105,14,1,32
BRDA:126,15,0,4
BRDA:126,15,1,3
BRDA:129,16,0,4
BRDA:129,16,1,0
BRDA:132,17,0,0
BRDA:132,17,1,16
BRDA:142,18,0,0
BRDA:142,18,1,0
BRDA:160,19,0,0
BRDA:160,19,1,754
BRDA:162,20,0,0
BRDA:162,20,1,754
BRDA:163,21,0,0
BRDA:163,21,1,754
BRDA:165,22,0,0
BRDA:165,22,1,754
BRDA:167,23,0,0
BRDA:167,23,1,754
BRDA:182,24,0,0
BRDA:182,24,1,0
BRDA:186,25,0,0
BRDA:186,25,1,1
BRF:52
BRH:33
end_of_record
TN:
SF:/home/proxym/tomcat-8.0.32/webapps/eXameLeon/lib/babel/api/register/cache.js
FN:4,(anonymous_1)
FN:20,save
FN:24,load
FN:29,(anonymous_4)
FN:30,sigint
FN:34,(anonymous_6)
FN:39,(anonymous_7)
FN:56,get
FNF:8
FNH:4
FNDA:3,(anonymous_1)
FNDA:0,save
FNDA:1,load
FNDA:1,(anonymous_4)
FNDA:0,sigint
FNDA:0,(anonymous_6)
FNDA:0,(anonymous_7)
FNDA:1,get
DA:4,3
DA:6,1
DA:7,1
DA:8,1
DA:9,1
DA:11,1
DA:13,1
DA:15,1
DA:17,1
DA:18,1
DA:20,1
DA:21,0
DA:24,1
DA:25,1
DA:27,1
DA:29,1
DA:30,1
DA:31,0
DA:34,1
DA:35,0
DA:38,1
DA:40,0
DA:41,0
DA:42,0
DA:45,1
DA:47,1
DA:49,1
DA:50,1
DA:52,0
DA:56,1
DA:57,1
LF:31
LH:24
BRDA:4,1,0,0
BRDA:4,1,1,3
BRDA:4,2,0,3
BRDA:4,2,1,3
BRDA:17,3,0,1
BRDA:17,3,1,1
BRDA:25,4,0,0
BRDA:25,4,1,1
BRDA:47,5,0,0
BRDA:47,5,1,1
BRF:10
BRH:8
end_of_record
TN:
SF:/home/proxym/tomcat-8.0.32/webapps/eXameLeon/lib/babel/api/register/resolve-rc.js
FN:4,(anonymous_1)
FN:14,exists
FN:20,(anonymous_3)
FN:25,find
FN:40,(anonymous_5)
FNF:5
FNH:5
FNDA:3,(anonymous_1)
FNDA:378,exists
FNDA:32,(anonymous_3)
FNDA:378,find
FNDA:160,(anonymous_5)
DA:4,3
DA:6,1
DA:8,1
DA:10,1
DA:12,1
DA:14,1
DA:15,378
DA:16,378
DA:17,33
DA:20,1
DA:21,32
DA:23,32
DA:25,1
DA:26,378
DA:28,378
DA:29,32
DA:30,32
DA:32,32
DA:33,32
DA:35,0
DA:36,0
DA:39,32
DA:40,32
DA:41,160
DA:42,0
DA:47,378
DA:48,378
DA:50,346
DA:54,32
DA:56,32
LF:30
LH:27
BRDA:4,1,0,0
BRDA:4,1,1,3
BRDA:4,2,0,3
BRDA:4,2,1,3
BRDA:16,3,0,345
BRDA:16,3,1,33
BRDA:21,4,0,0
BRDA:21,4,1,32
BRDA:28,5,0,32
BRDA:28,5,1,346
BRDA:39,6,0,0
BRDA:39,6,1,32
BRDA:41,7,0,0
BRDA:41,7,1,160
BRDA:48,8,0,346
BRDA:48,8,1,32
BRF:16
BRH:13
end_of_record
TN:
SF:/home/proxym/tomcat-8.0.32/webapps/eXameLeon/lib/babel/api/node.js
FN:4,(anonymous_1)
FN:8,(anonymous_2)
FN:40,register
FN:46,polyfill
FN:50,transformFile
FN:58,(anonymous_6)
FN:73,transformFileSync
FNF:7
FNH:2
FNDA:2,(anonymous_1)
FNDA:7,(anonymous_2)
FNDA:0,register
FNDA:0,polyfill
FNDA:0,transformFile
FNDA:0,(anonymous_6)
FNDA:0,transformFileSync
DA:4,2
DA:8,7
DA:10,1
DA:11,1
DA:12,1
DA:13,1
DA:14,1
DA:16,1
DA:18,1
DA:20,1
DA:22,1
DA:24,1
DA:26,1
DA:28,1
DA:29,1
DA:30,1
DA:31,1
DA:32,1
DA:33,1
DA:34,1
DA:36,1
DA:38,1
DA:40,1
DA:41,0
DA:42,0
DA:43,0
DA:46,1
DA:47,0
DA:50,1
DA:51,0
DA:52,0
DA:53,0
DA:56,0
DA:58,0
DA:59,0
DA:61,0
DA:63,0
DA:64,0
DA:66,0
DA:69,0
DA:73,1
DA:74,0
DA:76,0
DA:77,0
LF:44
LH:26
BRDA:4,1,0,2
BRDA:4,1,1,0
BRDA:4,2,0,2
BRDA:4,2,1,2
BRDA:8,3,0,0
BRDA:8,3,1,7
BRDA:8,4,0,7
BRDA:8,4,1,7
BRDA:42,5,0,0
BRDA:42,5,1,0
BRDA:51,6,0,0
BRDA:51,6,1,0
BRDA:59,7,0,0
BRDA:59,7,1,0
BRDA:74,8,0,0
BRDA:74,8,1,0
BRF:16
BRH:8
end_of_record
